<?xml version="1.0" encoding="utf-8"?>
<CoverageSession xmlns:xsd="http://www.w3.org/2001/XMLSchema" xmlns:xsi="http://www.w3.org/2001/XMLSchema-instance" Version="0.0.0.0">
  <Summary numSequencePoints="522" visitedSequencePoints="471" numBranchPoints="0" visitedBranchPoints="0" sequenceCoverage="90.23" branchCoverage="0.0" maxCyclomaticComplexity="0" minCyclomaticComplexity="0" maxCrapScore="0" minCrapScore="0" visitedClasses="17" numClasses="17" visitedMethods="90" numMethods="90" />
  <Modules>
    <Module>
      <Summary numSequencePoints="299" visitedSequencePoints="248" numBranchPoints="0" visitedBranchPoints="0" sequenceCoverage="82.94" branchCoverage="0.0" maxCyclomaticComplexity="0" minCyclomaticComplexity="0" maxCrapScore="0" minCrapScore="0" visitedClasses="14" numClasses="14" visitedMethods="52" numMethods="52" />
      <ModuleTime>0001-01-01T00:00:00</ModuleTime>
      <ModuleName>Assembly-CSharp</ModuleName>
      <Files>
        <File uid="1" fullPath="C:/Users/Lenovo/Desktop/Bakalauras/IT_Students_Journey/IT_Students_Journey/IT Students Journey/Assets/LeanTween/Examples/Archived/OldGUIExamplesCS.cs" />
        <File uid="2" fullPath="C:/Users/Lenovo/Desktop/Bakalauras/IT_Students_Journey/IT_Students_Journey/IT Students Journey/Assets/LeanTween/Examples/Archived/TestingPunch.cs" />
        <File uid="3" fullPath="C:/Users/Lenovo/Desktop/Bakalauras/IT_Students_Journey/IT_Students_Journey/IT Students Journey/Assets/LeanTween/Examples/Archived/TestingRigidbodyCS.cs" />
        <File uid="4" fullPath="C:/Users/Lenovo/Desktop/Bakalauras/IT_Students_Journey/IT_Students_Journey/IT Students Journey/Assets/LeanTween/Examples/Scripts/Following.cs" />
        <File uid="5" fullPath="C:/Users/Lenovo/Desktop/Bakalauras/IT_Students_Journey/IT_Students_Journey/IT Students Journey/Assets/LeanTween/Examples/Scripts/GeneralAdvancedTechniques.cs" />
        <File uid="6" fullPath="C:/Users/Lenovo/Desktop/Bakalauras/IT_Students_Journey/IT_Students_Journey/IT Students Journey/Assets/LeanTween/Examples/Scripts/GeneralBasic.cs" />
        <File uid="7" fullPath="C:/Users/Lenovo/Desktop/Bakalauras/IT_Students_Journey/IT_Students_Journey/IT Students Journey/Assets/LeanTween/Examples/Scripts/GeneralBasics2d.cs" />
        <File uid="8" fullPath="C:/Users/Lenovo/Desktop/Bakalauras/IT_Students_Journey/IT_Students_Journey/IT Students Journey/Assets/LeanTween/Examples/Scripts/GeneralCameraShake.cs" />
        <File uid="9" fullPath="C:/Users/Lenovo/Desktop/Bakalauras/IT_Students_Journey/IT_Students_Journey/IT Students Journey/Assets/LeanTween/Examples/Scripts/GeneralEasingTypes.cs" />
        <File uid="10" fullPath="C:/Users/Lenovo/Desktop/Bakalauras/IT_Students_Journey/IT_Students_Journey/IT Students Journey/Assets/LeanTween/Examples/Scripts/GeneralEventsListeners.cs" />
        <File uid="11" fullPath="C:/Users/Lenovo/Desktop/Bakalauras/IT_Students_Journey/IT_Students_Journey/IT Students Journey/Assets/LeanTween/Examples/Scripts/GeneralSequencer.cs" />
        <File uid="12" fullPath="C:/Users/Lenovo/Desktop/Bakalauras/IT_Students_Journey/IT_Students_Journey/IT Students Journey/Assets/LeanTween/Examples/Scripts/GeneralSimpleUI.cs" />
        <File uid="13" fullPath="C:/Users/Lenovo/Desktop/Bakalauras/IT_Students_Journey/IT_Students_Journey/IT Students Journey/Assets/LeanTween/Examples/Scripts/GeneralUISpace.cs" />
        <File uid="14" fullPath="C:/Users/Lenovo/Desktop/Bakalauras/IT_Students_Journey/IT_Students_Journey/IT Students Journey/Assets/LeanTween/Examples/Scripts/LogoCinematic.cs" />
        <File uid="15" fullPath="C:/Users/Lenovo/Desktop/Bakalauras/IT_Students_Journey/IT_Students_Journey/IT Students Journey/Assets/LeanTween/Examples/Scripts/PathBezier2d.cs" />
        <File uid="16" fullPath="C:/Users/Lenovo/Desktop/Bakalauras/IT_Students_Journey/IT_Students_Journey/IT Students Journey/Assets/LeanTween/Examples/Scripts/PathSpline.cs" />
        <File uid="17" fullPath="C:/Users/Lenovo/Desktop/Bakalauras/IT_Students_Journey/IT_Students_Journey/IT Students Journey/Assets/LeanTween/Examples/Scripts/PathSpline2d.cs" />
        <File uid="18" fullPath="C:/Users/Lenovo/Desktop/Bakalauras/IT_Students_Journey/IT_Students_Journey/IT Students Journey/Assets/LeanTween/Examples/Scripts/PathSplineEndless.cs" />
        <File uid="19" fullPath="C:/Users/Lenovo/Desktop/Bakalauras/IT_Students_Journey/IT_Students_Journey/IT Students Journey/Assets/LeanTween/Examples/Scripts/PathSplinePerformance.cs" />
        <File uid="20" fullPath="C:/Users/Lenovo/Desktop/Bakalauras/IT_Students_Journey/IT_Students_Journey/IT Students Journey/Assets/LeanTween/Examples/Scripts/PathSplineTrack.cs" />
        <File uid="21" fullPath="C:/Users/Lenovo/Desktop/Bakalauras/IT_Students_Journey/IT_Students_Journey/IT Students Journey/Assets/LeanTween/Examples/Scripts/PathSplines.cs" />
        <File uid="22" fullPath="C:/Users/Lenovo/Desktop/Bakalauras/IT_Students_Journey/IT_Students_Journey/IT Students Journey/Assets/LeanTween/Examples/Scripts/TestingZLegacy.cs" />
        <File uid="23" fullPath="C:/Users/Lenovo/Desktop/Bakalauras/IT_Students_Journey/IT_Students_Journey/IT Students Journey/Assets/LeanTween/Examples/Scripts/TestingZLegacyExt.cs" />
        <File uid="24" fullPath="C:/Users/Lenovo/Desktop/Bakalauras/IT_Students_Journey/IT_Students_Journey/IT Students Journey/Assets/LeanTween/Framework/LTDescr.cs" />
        <File uid="25" fullPath="C:/Users/Lenovo/Desktop/Bakalauras/IT_Students_Journey/IT_Students_Journey/IT Students Journey/Assets/LeanTween/Framework/LTDescrOptional.cs" />
        <File uid="26" fullPath="C:/Users/Lenovo/Desktop/Bakalauras/IT_Students_Journey/IT_Students_Journey/IT Students Journey/Assets/LeanTween/Framework/LTSeq.cs" />
        <File uid="27" fullPath="C:/Users/Lenovo/Desktop/Bakalauras/IT_Students_Journey/IT_Students_Journey/IT Students Journey/Assets/LeanTween/Framework/LeanAudio.cs" />
        <File uid="28" fullPath="C:/Users/Lenovo/Desktop/Bakalauras/IT_Students_Journey/IT_Students_Journey/IT Students Journey/Assets/LeanTween/Framework/LeanSmooth.cs" />
        <File uid="29" fullPath="C:/Users/Lenovo/Desktop/Bakalauras/IT_Students_Journey/IT_Students_Journey/IT Students Journey/Assets/LeanTween/Framework/LeanTest.cs" />
        <File uid="30" fullPath="C:/Users/Lenovo/Desktop/Bakalauras/IT_Students_Journey/IT_Students_Journey/IT Students Journey/Assets/LeanTween/Framework/LeanTween.cs" />
        <File uid="31" fullPath="C:/Users/Lenovo/Desktop/Bakalauras/IT_Students_Journey/IT_Students_Journey/IT Students Journey/Assets/LeanTween/Framework/LeanTweenExt.cs" />
        <File uid="32" fullPath="C:/Users/Lenovo/Desktop/Bakalauras/IT_Students_Journey/IT_Students_Journey/IT Students Journey/Assets/Scripts/Achievement/AchievementController.cs" />
        <File uid="33" fullPath="C:/Users/Lenovo/Desktop/Bakalauras/IT_Students_Journey/IT_Students_Journey/IT Students Journey/Assets/Scripts/Achievement/AchievementDisplayer.cs" />
        <File uid="34" fullPath="C:/Users/Lenovo/Desktop/Bakalauras/IT_Students_Journey/IT_Students_Journey/IT Students Journey/Assets/Scripts/Achievement/AchievementSO.cs" />
        <File uid="35" fullPath="C:/Users/Lenovo/Desktop/Bakalauras/IT_Students_Journey/IT_Students_Journey/IT Students Journey/Assets/Scripts/Bullet/BulletController.cs" />
        <File uid="36" fullPath="C:/Users/Lenovo/Desktop/Bakalauras/IT_Students_Journey/IT_Students_Journey/IT Students Journey/Assets/Scripts/Enemies/BlueEnemy.cs" />
        <File uid="37" fullPath="C:/Users/Lenovo/Desktop/Bakalauras/IT_Students_Journey/IT_Students_Journey/IT Students Journey/Assets/Scripts/Enemies/Enemy.cs" />
        <File uid="38" fullPath="C:/Users/Lenovo/Desktop/Bakalauras/IT_Students_Journey/IT_Students_Journey/IT Students Journey/Assets/Scripts/Enemies/GreenEnemy.cs" />
        <File uid="39" fullPath="C:/Users/Lenovo/Desktop/Bakalauras/IT_Students_Journey/IT_Students_Journey/IT Students Journey/Assets/Scripts/Enemies/ProjectileController.cs" />
        <File uid="40" fullPath="C:/Users/Lenovo/Desktop/Bakalauras/IT_Students_Journey/IT_Students_Journey/IT Students Journey/Assets/Scripts/Enemies/RedEnemy.cs" />
        <File uid="41" fullPath="C:/Users/Lenovo/Desktop/Bakalauras/IT_Students_Journey/IT_Students_Journey/IT Students Journey/Assets/Scripts/GameManager/AchievementPopUp.cs" />
        <File uid="42" fullPath="C:/Users/Lenovo/Desktop/Bakalauras/IT_Students_Journey/IT_Students_Journey/IT Students Journey/Assets/Scripts/GameManager/EnemyManager.cs" />
        <File uid="43" fullPath="C:/Users/Lenovo/Desktop/Bakalauras/IT_Students_Journey/IT_Students_Journey/IT Students Journey/Assets/Scripts/GameManager/ExamManager.cs" />
        <File uid="44" fullPath="C:/Users/Lenovo/Desktop/Bakalauras/IT_Students_Journey/IT_Students_Journey/IT Students Journey/Assets/Scripts/GameManager/GameManager.cs" />
        <File uid="45" fullPath="C:/Users/Lenovo/Desktop/Bakalauras/IT_Students_Journey/IT_Students_Journey/IT Students Journey/Assets/Scripts/GameManager/PlatformManager.cs" />
        <File uid="46" fullPath="C:/Users/Lenovo/Desktop/Bakalauras/IT_Students_Journey/IT_Students_Journey/IT Students Journey/Assets/Scripts/GameManager/PlayFabManager.cs" />
        <File uid="47" fullPath="C:/Users/Lenovo/Desktop/Bakalauras/IT_Students_Journey/IT_Students_Journey/IT Students Journey/Assets/Scripts/GameManager/UpgradeManager.cs" />
        <File uid="48" fullPath="C:/Users/Lenovo/Desktop/Bakalauras/IT_Students_Journey/IT_Students_Journey/IT Students Journey/Assets/Scripts/Leaderboard/Leaderboard.cs" />
        <File uid="49" fullPath="C:/Users/Lenovo/Desktop/Bakalauras/IT_Students_Journey/IT_Students_Journey/IT Students Journey/Assets/Scripts/MenuManager/MenuManager.cs" />
        <File uid="50" fullPath="C:/Users/Lenovo/Desktop/Bakalauras/IT_Students_Journey/IT_Students_Journey/IT Students Journey/Assets/Scripts/MenuManager/Rotator.cs" />
        <File uid="51" fullPath="C:/Users/Lenovo/Desktop/Bakalauras/IT_Students_Journey/IT_Students_Journey/IT Students Journey/Assets/Scripts/MenuManager/ShowLevelHighScores.cs" />
        <File uid="52" fullPath="C:/Users/Lenovo/Desktop/Bakalauras/IT_Students_Journey/IT_Students_Journey/IT Students Journey/Assets/Scripts/MenuManager/WelcomeMessage.cs" />
        <File uid="53" fullPath="C:/Users/Lenovo/Desktop/Bakalauras/IT_Students_Journey/IT_Students_Journey/IT Students Journey/Assets/Scripts/Other/AudioHelper.cs" />
        <File uid="54" fullPath="C:/Users/Lenovo/Desktop/Bakalauras/IT_Students_Journey/IT_Students_Journey/IT Students Journey/Assets/Scripts/Other/CameraFollow.cs" />
        <File uid="55" fullPath="C:/Users/Lenovo/Desktop/Bakalauras/IT_Students_Journey/IT_Students_Journey/IT Students Journey/Assets/Scripts/Other/Questions.cs" />
        <File uid="56" fullPath="C:/Users/Lenovo/Desktop/Bakalauras/IT_Students_Journey/IT_Students_Journey/IT Students Journey/Assets/Scripts/Other/Scroller.cs" />
        <File uid="57" fullPath="C:/Users/Lenovo/Desktop/Bakalauras/IT_Students_Journey/IT_Students_Journey/IT Students Journey/Assets/Scripts/Platform/Platform.cs" />
        <File uid="58" fullPath="C:/Users/Lenovo/Desktop/Bakalauras/IT_Students_Journey/IT_Students_Journey/IT Students Journey/Assets/Scripts/Player/PlayerConfig.cs" />
        <File uid="59" fullPath="C:/Users/Lenovo/Desktop/Bakalauras/IT_Students_Journey/IT_Students_Journey/IT Students Journey/Assets/Scripts/Player/PlayerData.cs" />
        <File uid="60" fullPath="C:/Users/Lenovo/Desktop/Bakalauras/IT_Students_Journey/IT_Students_Journey/IT Students Journey/Assets/Scripts/Player/RandomNameGenerator.cs" />
        <File uid="61" fullPath="C:/Users/Lenovo/Desktop/Bakalauras/IT_Students_Journey/IT_Students_Journey/IT Students Journey/Assets/Scripts/Student/Boundaries.cs" />
        <File uid="62" fullPath="C:/Users/Lenovo/Desktop/Bakalauras/IT_Students_Journey/IT_Students_Journey/IT Students Journey/Assets/Scripts/Student/StudentController.cs" />
        <File uid="63" fullPath="C:/Users/Lenovo/Desktop/Bakalauras/IT_Students_Journey/IT_Students_Journey/IT Students Journey/Assets/LeanTween/Examples/Scripts/PathBezier.cs" />
        <File uid="64" fullPath="C:/Users/Lenovo/Desktop/Bakalauras/IT_Students_Journey/IT_Students_Journey/IT Students Journey/Assets/LeanTween/Examples/Scripts/TestingUnitTests.cs" />
      </Files>
      <Classes>
        <Class>
          <Summary numSequencePoints="2" visitedSequencePoints="2" numBranchPoints="0" visitedBranchPoints="0" sequenceCoverage="100.0" branchCoverage="0.0" maxCyclomaticComplexity="0" minCyclomaticComplexity="0" maxCrapScore="0" minCrapScore="0" visitedClasses="1" numClasses="1" visitedMethods="1" numMethods="1" />
          <FullName>AchievementDisplayer</FullName>
          <Methods>
            <Method visited="true" cyclomaticComplexity="0" nPathComplexity="0" sequenceCoverage="100.0" branchCoverage="0" crapScore="0" isConstructor="true" isStatic="false" isGetter="false" isSetter="false">
              <Summary numSequencePoints="2" visitedSequencePoints="2" numBranchPoints="0" visitedBranchPoints="0" sequenceCoverage="100.0" branchCoverage="0" maxCyclomaticComplexity="0" minCyclomaticComplexity="0" maxCrapScore="0" minCrapScore="0" visitedClasses="0" numClasses="0" visitedMethods="1" numMethods="1" />
              <MetadataToken>100664262</MetadataToken>
              <Name>AchievementDisplayer::AchievementDisplayer()</Name>
              <FileRef uid="33" />
              <SequencePoints>
                <SequencePoint vc="1" uspid="15571" ordinal="0" offset="0" sl="8" sc="5" el="8" ec="5" bec="0" bev="0" fileid="33" />
                <SequencePoint vc="1" uspid="15572" ordinal="0" offset="24" sl="9" sc="5" el="9" ec="5" bec="0" bev="0" fileid="33" />
              </SequencePoints>
              <BranchPoints />
            </Method>
          </Methods>
        </Class>
        <Class>
          <Summary numSequencePoints="26" visitedSequencePoints="20" numBranchPoints="0" visitedBranchPoints="0" sequenceCoverage="76.92" branchCoverage="0.0" maxCyclomaticComplexity="0" minCyclomaticComplexity="0" maxCrapScore="0" minCrapScore="0" visitedClasses="1" numClasses="1" visitedMethods="3" numMethods="3" />
          <FullName>BlueEnemy</FullName>
          <Methods>
            <Method visited="true" cyclomaticComplexity="0" nPathComplexity="0" sequenceCoverage="100.0" branchCoverage="0" crapScore="0" isConstructor="false" isStatic="false" isGetter="false" isSetter="false">
              <Summary numSequencePoints="3" visitedSequencePoints="3" numBranchPoints="0" visitedBranchPoints="0" sequenceCoverage="100.0" branchCoverage="0" maxCyclomaticComplexity="0" minCyclomaticComplexity="0" maxCrapScore="0" minCrapScore="0" visitedClasses="0" numClasses="0" visitedMethods="1" numMethods="1" />
              <MetadataToken>100664280</MetadataToken>
              <Name>System.Void BlueEnemy::takeDamage(System.Int32)</Name>
              <FileRef uid="36" />
              <SequencePoints>
                <SequencePoint vc="1" uspid="15636" ordinal="0" offset="0" sl="37" sc="5" el="37" ec="5" bec="0" bev="0" fileid="36" />
                <SequencePoint vc="1" uspid="15637" ordinal="0" offset="1" sl="38" sc="9" el="38" ec="9" bec="0" bev="0" fileid="36" />
                <SequencePoint vc="1" uspid="15638" ordinal="0" offset="15" sl="39" sc="5" el="39" ec="5" bec="0" bev="0" fileid="36" />
              </SequencePoints>
              <BranchPoints />
            </Method>
            <Method visited="true" cyclomaticComplexity="0" nPathComplexity="0" sequenceCoverage="72.73" branchCoverage="0" crapScore="0" isConstructor="false" isStatic="false" isGetter="false" isSetter="false">
              <Summary numSequencePoints="22" visitedSequencePoints="16" numBranchPoints="0" visitedBranchPoints="0" sequenceCoverage="72.73" branchCoverage="0" maxCyclomaticComplexity="0" minCyclomaticComplexity="0" maxCrapScore="0" minCrapScore="0" visitedClasses="0" numClasses="0" visitedMethods="1" numMethods="1" />
              <MetadataToken>100664283</MetadataToken>
              <Name>System.Void BlueEnemy::setRandomStats(System.Int32, System.Int32)</Name>
              <FileRef uid="36" />
              <SequencePoints>
                <SequencePoint vc="2" uspid="15685" ordinal="0" offset="0" sl="96" sc="5" el="96" ec="5" bec="0" bev="0" fileid="36" />
                <SequencePoint vc="2" uspid="15686" ordinal="0" offset="1" sl="98" sc="9" el="98" ec="9" bec="0" bev="0" fileid="36" />
                <SequencePoint vc="2" uspid="15687" ordinal="0" offset="9" sl="100" sc="9" el="100" ec="9" bec="0" bev="0" fileid="36" />
                <SequencePoint vc="1" uspid="15688" ordinal="0" offset="20" sl="101" sc="9" el="101" ec="9" bec="0" bev="0" fileid="36" />
                <SequencePoint vc="1" uspid="15689" ordinal="0" offset="21" sl="102" sc="13" el="102" ec="13" bec="0" bev="0" fileid="36" />
                <SequencePoint vc="1" uspid="15690" ordinal="0" offset="29" sl="103" sc="9" el="103" ec="9" bec="0" bev="0" fileid="36" />
                <SequencePoint vc="1" uspid="15691" ordinal="0" offset="32" sl="104" sc="14" el="104" ec="14" bec="0" bev="0" fileid="36" />
                <SequencePoint vc="0" uspid="15692" ordinal="0" offset="43" sl="105" sc="9" el="105" ec="9" bec="0" bev="0" fileid="36" />
                <SequencePoint vc="0" uspid="15693" ordinal="0" offset="44" sl="106" sc="13" el="106" ec="13" bec="0" bev="0" fileid="36" />
                <SequencePoint vc="0" uspid="15694" ordinal="0" offset="46" sl="107" sc="9" el="107" ec="9" bec="0" bev="0" fileid="36" />
                <SequencePoint vc="1" uspid="15695" ordinal="0" offset="49" sl="109" sc="9" el="109" ec="9" bec="0" bev="0" fileid="36" />
                <SequencePoint vc="1" uspid="15696" ordinal="0" offset="50" sl="110" sc="13" el="110" ec="13" bec="0" bev="0" fileid="36" />
                <SequencePoint vc="1" uspid="15697" ordinal="0" offset="58" sl="111" sc="9" el="111" ec="9" bec="0" bev="0" fileid="36" />
                <SequencePoint vc="2" uspid="15698" ordinal="0" offset="59" sl="112" sc="9" el="112" ec="9" bec="0" bev="0" fileid="36" />
                <SequencePoint vc="0" uspid="15699" ordinal="0" offset="77" sl="113" sc="9" el="113" ec="9" bec="0" bev="0" fileid="36" />
                <SequencePoint vc="0" uspid="15700" ordinal="0" offset="78" sl="114" sc="13" el="114" ec="13" bec="0" bev="0" fileid="36" />
                <SequencePoint vc="0" uspid="15701" ordinal="0" offset="105" sl="115" sc="9" el="115" ec="9" bec="0" bev="0" fileid="36" />
                <SequencePoint vc="2" uspid="15702" ordinal="0" offset="106" sl="116" sc="9" el="116" ec="9" bec="0" bev="0" fileid="36" />
                <SequencePoint vc="2" uspid="15703" ordinal="0" offset="125" sl="117" sc="9" el="117" ec="9" bec="0" bev="0" fileid="36" />
                <SequencePoint vc="2" uspid="15704" ordinal="0" offset="144" sl="118" sc="9" el="118" ec="9" bec="0" bev="0" fileid="36" />
                <SequencePoint vc="2" uspid="15705" ordinal="0" offset="163" sl="119" sc="9" el="119" ec="9" bec="0" bev="0" fileid="36" />
                <SequencePoint vc="2" uspid="15706" ordinal="0" offset="182" sl="120" sc="5" el="120" ec="5" bec="0" bev="0" fileid="36" />
              </SequencePoints>
              <BranchPoints />
            </Method>
            <Method visited="true" cyclomaticComplexity="0" nPathComplexity="0" sequenceCoverage="100.0" branchCoverage="0" crapScore="0" isConstructor="true" isStatic="false" isGetter="false" isSetter="false">
              <Summary numSequencePoints="1" visitedSequencePoints="1" numBranchPoints="0" visitedBranchPoints="0" sequenceCoverage="100.0" branchCoverage="0" maxCyclomaticComplexity="0" minCyclomaticComplexity="0" maxCrapScore="0" minCrapScore="0" visitedClasses="0" numClasses="0" visitedMethods="1" numMethods="1" />
              <MetadataToken>100664285</MetadataToken>
              <Name>BlueEnemy::BlueEnemy()</Name>
              <FileRef uid="36" />
              <SequencePoints>
                <SequencePoint vc="6" uspid="15718" ordinal="0" offset="0" sl="7" sc="5" el="7" ec="5" bec="0" bev="0" fileid="36" />
              </SequencePoints>
              <BranchPoints />
            </Method>
          </Methods>
        </Class>
        <Class>
          <Summary numSequencePoints="13" visitedSequencePoints="10" numBranchPoints="0" visitedBranchPoints="0" sequenceCoverage="76.92" branchCoverage="0.0" maxCyclomaticComplexity="0" minCyclomaticComplexity="0" maxCrapScore="0" minCrapScore="0" visitedClasses="1" numClasses="1" visitedMethods="2" numMethods="2" />
          <FullName>Enemy</FullName>
          <Methods>
            <Method visited="true" cyclomaticComplexity="0" nPathComplexity="0" sequenceCoverage="50.00" branchCoverage="0" crapScore="0" isConstructor="false" isStatic="false" isGetter="false" isSetter="false">
              <Summary numSequencePoints="6" visitedSequencePoints="3" numBranchPoints="0" visitedBranchPoints="0" sequenceCoverage="50.00" branchCoverage="0" maxCyclomaticComplexity="0" minCyclomaticComplexity="0" maxCrapScore="0" minCrapScore="0" visitedClasses="0" numClasses="0" visitedMethods="1" numMethods="1" />
              <MetadataToken>100664291</MetadataToken>
              <Name>System.Void Enemy::setFirePosition()</Name>
              <FileRef uid="37" />
              <SequencePoints>
                <SequencePoint vc="1" uspid="15732" ordinal="0" offset="0" sl="41" sc="5" el="41" ec="5" bec="0" bev="0" fileid="37" />
                <SequencePoint vc="1" uspid="15733" ordinal="0" offset="1" sl="42" sc="9" el="42" ec="9" bec="0" bev="0" fileid="37" />
                <SequencePoint vc="0" uspid="15734" ordinal="0" offset="14" sl="43" sc="9" el="43" ec="9" bec="0" bev="0" fileid="37" />
                <SequencePoint vc="0" uspid="15735" ordinal="0" offset="15" sl="44" sc="13" el="44" ec="13" bec="0" bev="0" fileid="37" />
                <SequencePoint vc="0" uspid="15736" ordinal="0" offset="36" sl="45" sc="9" el="45" ec="9" bec="0" bev="0" fileid="37" />
                <SequencePoint vc="1" uspid="15737" ordinal="0" offset="37" sl="46" sc="5" el="46" ec="5" bec="0" bev="0" fileid="37" />
              </SequencePoints>
              <BranchPoints />
            </Method>
            <Method visited="true" cyclomaticComplexity="0" nPathComplexity="0" sequenceCoverage="100.0" branchCoverage="0" crapScore="0" isConstructor="true" isStatic="false" isGetter="false" isSetter="false">
              <Summary numSequencePoints="7" visitedSequencePoints="7" numBranchPoints="0" visitedBranchPoints="0" sequenceCoverage="100.0" branchCoverage="0" maxCyclomaticComplexity="0" minCyclomaticComplexity="0" maxCrapScore="0" minCrapScore="0" visitedClasses="0" numClasses="0" visitedMethods="1" numMethods="1" />
              <MetadataToken>100664293</MetadataToken>
              <Name>Enemy::Enemy()</Name>
              <FileRef uid="37" />
              <SequencePoints>
                <SequencePoint vc="24" uspid="15741" ordinal="0" offset="0" sl="11" sc="5" el="11" ec="5" bec="0" bev="0" fileid="37" />
                <SequencePoint vc="24" uspid="15742" ordinal="0" offset="7" sl="12" sc="5" el="12" ec="5" bec="0" bev="0" fileid="37" />
                <SequencePoint vc="24" uspid="15743" ordinal="0" offset="14" sl="13" sc="5" el="13" ec="5" bec="0" bev="0" fileid="37" />
                <SequencePoint vc="24" uspid="15744" ordinal="0" offset="25" sl="14" sc="5" el="14" ec="5" bec="0" bev="0" fileid="37" />
                <SequencePoint vc="24" uspid="15745" ordinal="0" offset="32" sl="17" sc="5" el="17" ec="5" bec="0" bev="0" fileid="37" />
                <SequencePoint vc="24" uspid="15746" ordinal="0" offset="39" sl="18" sc="5" el="18" ec="5" bec="0" bev="0" fileid="37" />
                <SequencePoint vc="24" uspid="15747" ordinal="0" offset="46" sl="20" sc="5" el="20" ec="5" bec="0" bev="0" fileid="37" />
              </SequencePoints>
              <BranchPoints />
            </Method>
          </Methods>
        </Class>
        <Class>
          <Summary numSequencePoints="30" visitedSequencePoints="14" numBranchPoints="0" visitedBranchPoints="0" sequenceCoverage="46.67" branchCoverage="0.0" maxCyclomaticComplexity="0" minCyclomaticComplexity="0" maxCrapScore="0" minCrapScore="0" visitedClasses="1" numClasses="1" visitedMethods="2" numMethods="2" />
          <FullName>GreenEnemy</FullName>
          <Methods>
            <Method visited="true" cyclomaticComplexity="0" nPathComplexity="0" sequenceCoverage="44.83" branchCoverage="0" crapScore="0" isConstructor="false" isStatic="false" isGetter="false" isSetter="false">
              <Summary numSequencePoints="29" visitedSequencePoints="13" numBranchPoints="0" visitedBranchPoints="0" sequenceCoverage="44.83" branchCoverage="0" maxCyclomaticComplexity="0" minCyclomaticComplexity="0" maxCrapScore="0" minCrapScore="0" visitedClasses="0" numClasses="0" visitedMethods="1" numMethods="1" />
              <MetadataToken>100664301</MetadataToken>
              <Name>System.Void GreenEnemy::setRandomStats(System.Int32, System.Int32)</Name>
              <FileRef uid="38" />
              <SequencePoints>
                <SequencePoint vc="1" uspid="15813" ordinal="0" offset="0" sl="98" sc="5" el="98" ec="5" bec="0" bev="0" fileid="38" />
                <SequencePoint vc="1" uspid="15814" ordinal="0" offset="1" sl="99" sc="9" el="99" ec="9" bec="0" bev="0" fileid="38" />
                <SequencePoint vc="1" uspid="15815" ordinal="0" offset="9" sl="101" sc="9" el="101" ec="9" bec="0" bev="0" fileid="38" />
                <SequencePoint vc="0" uspid="15816" ordinal="0" offset="24" sl="102" sc="9" el="102" ec="9" bec="0" bev="0" fileid="38" />
                <SequencePoint vc="0" uspid="15817" ordinal="0" offset="25" sl="103" sc="13" el="103" ec="13" bec="0" bev="0" fileid="38" />
                <SequencePoint vc="0" uspid="15818" ordinal="0" offset="27" sl="104" sc="9" el="104" ec="9" bec="0" bev="0" fileid="38" />
                <SequencePoint vc="1" uspid="15819" ordinal="0" offset="30" sl="105" sc="14" el="105" ec="14" bec="0" bev="0" fileid="38" />
                <SequencePoint vc="0" uspid="15820" ordinal="0" offset="38" sl="106" sc="9" el="106" ec="9" bec="0" bev="0" fileid="38" />
                <SequencePoint vc="0" uspid="15821" ordinal="0" offset="39" sl="107" sc="13" el="107" ec="13" bec="0" bev="0" fileid="38" />
                <SequencePoint vc="0" uspid="15822" ordinal="0" offset="47" sl="108" sc="9" el="108" ec="9" bec="0" bev="0" fileid="38" />
                <SequencePoint vc="1" uspid="15823" ordinal="0" offset="50" sl="109" sc="14" el="109" ec="14" bec="0" bev="0" fileid="38" />
                <SequencePoint vc="1" uspid="15824" ordinal="0" offset="60" sl="110" sc="9" el="110" ec="9" bec="0" bev="0" fileid="38" />
                <SequencePoint vc="1" uspid="15825" ordinal="0" offset="61" sl="111" sc="13" el="111" ec="13" bec="0" bev="0" fileid="38" />
                <SequencePoint vc="1" uspid="15826" ordinal="0" offset="69" sl="112" sc="9" el="112" ec="9" bec="0" bev="0" fileid="38" />
                <SequencePoint vc="0" uspid="15827" ordinal="0" offset="72" sl="113" sc="14" el="113" ec="14" bec="0" bev="0" fileid="38" />
                <SequencePoint vc="0" uspid="15828" ordinal="0" offset="82" sl="114" sc="9" el="114" ec="9" bec="0" bev="0" fileid="38" />
                <SequencePoint vc="0" uspid="15829" ordinal="0" offset="83" sl="115" sc="13" el="115" ec="13" bec="0" bev="0" fileid="38" />
                <SequencePoint vc="0" uspid="15830" ordinal="0" offset="91" sl="116" sc="9" el="116" ec="9" bec="0" bev="0" fileid="38" />
                <SequencePoint vc="0" uspid="15831" ordinal="0" offset="94" sl="118" sc="9" el="118" ec="9" bec="0" bev="0" fileid="38" />
                <SequencePoint vc="0" uspid="15832" ordinal="0" offset="95" sl="119" sc="13" el="119" ec="13" bec="0" bev="0" fileid="38" />
                <SequencePoint vc="0" uspid="15833" ordinal="0" offset="103" sl="120" sc="9" el="120" ec="9" bec="0" bev="0" fileid="38" />
                <SequencePoint vc="1" uspid="15834" ordinal="0" offset="104" sl="121" sc="9" el="121" ec="9" bec="0" bev="0" fileid="38" />
                <SequencePoint vc="0" uspid="15835" ordinal="0" offset="122" sl="122" sc="9" el="122" ec="9" bec="0" bev="0" fileid="38" />
                <SequencePoint vc="0" uspid="15836" ordinal="0" offset="123" sl="123" sc="13" el="123" ec="13" bec="0" bev="0" fileid="38" />
                <SequencePoint vc="0" uspid="15837" ordinal="0" offset="150" sl="124" sc="9" el="124" ec="9" bec="0" bev="0" fileid="38" />
                <SequencePoint vc="1" uspid="15838" ordinal="0" offset="151" sl="125" sc="9" el="125" ec="9" bec="0" bev="0" fileid="38" />
                <SequencePoint vc="1" uspid="15839" ordinal="0" offset="170" sl="126" sc="9" el="126" ec="9" bec="0" bev="0" fileid="38" />
                <SequencePoint vc="1" uspid="15840" ordinal="0" offset="189" sl="127" sc="9" el="127" ec="9" bec="0" bev="0" fileid="38" />
                <SequencePoint vc="1" uspid="15841" ordinal="0" offset="208" sl="128" sc="5" el="128" ec="5" bec="0" bev="0" fileid="38" />
              </SequencePoints>
              <BranchPoints />
            </Method>
            <Method visited="true" cyclomaticComplexity="0" nPathComplexity="0" sequenceCoverage="100.0" branchCoverage="0" crapScore="0" isConstructor="true" isStatic="false" isGetter="false" isSetter="false">
              <Summary numSequencePoints="1" visitedSequencePoints="1" numBranchPoints="0" visitedBranchPoints="0" sequenceCoverage="100.0" branchCoverage="0" maxCyclomaticComplexity="0" minCyclomaticComplexity="0" maxCrapScore="0" minCrapScore="0" visitedClasses="0" numClasses="0" visitedMethods="1" numMethods="1" />
              <MetadataToken>100664303</MetadataToken>
              <Name>GreenEnemy::GreenEnemy()</Name>
              <FileRef uid="38" />
              <SequencePoints>
                <SequencePoint vc="6" uspid="15853" ordinal="0" offset="0" sl="8" sc="5" el="8" ec="5" bec="0" bev="0" fileid="38" />
              </SequencePoints>
              <BranchPoints />
            </Method>
          </Methods>
        </Class>
        <Class>
          <Summary numSequencePoints="30" visitedSequencePoints="20" numBranchPoints="0" visitedBranchPoints="0" sequenceCoverage="66.67" branchCoverage="0.0" maxCyclomaticComplexity="0" minCyclomaticComplexity="0" maxCrapScore="0" minCrapScore="0" visitedClasses="1" numClasses="1" visitedMethods="3" numMethods="3" />
          <FullName>RedEnemy</FullName>
          <Methods>
            <Method visited="true" cyclomaticComplexity="0" nPathComplexity="0" sequenceCoverage="100.0" branchCoverage="0" crapScore="0" isConstructor="false" isStatic="false" isGetter="false" isSetter="false">
              <Summary numSequencePoints="3" visitedSequencePoints="3" numBranchPoints="0" visitedBranchPoints="0" sequenceCoverage="100.0" branchCoverage="0" maxCyclomaticComplexity="0" minCyclomaticComplexity="0" maxCrapScore="0" minCrapScore="0" visitedClasses="0" numClasses="0" visitedMethods="1" numMethods="1" />
              <MetadataToken>100664314</MetadataToken>
              <Name>System.Void RedEnemy::takeDamage(System.Int32)</Name>
              <FileRef uid="40" />
              <SequencePoints>
                <SequencePoint vc="1" uspid="15898" ordinal="0" offset="0" sl="37" sc="5" el="37" ec="5" bec="0" bev="0" fileid="40" />
                <SequencePoint vc="1" uspid="15899" ordinal="0" offset="1" sl="38" sc="9" el="38" ec="9" bec="0" bev="0" fileid="40" />
                <SequencePoint vc="1" uspid="15900" ordinal="0" offset="15" sl="39" sc="5" el="39" ec="5" bec="0" bev="0" fileid="40" />
              </SequencePoints>
              <BranchPoints />
            </Method>
            <Method visited="true" cyclomaticComplexity="0" nPathComplexity="0" sequenceCoverage="61.54" branchCoverage="0" crapScore="0" isConstructor="false" isStatic="false" isGetter="false" isSetter="false">
              <Summary numSequencePoints="26" visitedSequencePoints="16" numBranchPoints="0" visitedBranchPoints="0" sequenceCoverage="61.54" branchCoverage="0" maxCyclomaticComplexity="0" minCyclomaticComplexity="0" maxCrapScore="0" minCrapScore="0" visitedClasses="0" numClasses="0" visitedMethods="1" numMethods="1" />
              <MetadataToken>100664317</MetadataToken>
              <Name>System.Void RedEnemy::setRandomStats(System.Int32, System.Int32)</Name>
              <FileRef uid="40" />
              <SequencePoints>
                <SequencePoint vc="2" uspid="15949" ordinal="0" offset="0" sl="97" sc="5" el="97" ec="5" bec="0" bev="0" fileid="40" />
                <SequencePoint vc="2" uspid="15950" ordinal="0" offset="1" sl="99" sc="9" el="99" ec="9" bec="0" bev="0" fileid="40" />
                <SequencePoint vc="2" uspid="15951" ordinal="0" offset="9" sl="101" sc="9" el="101" ec="9" bec="0" bev="0" fileid="40" />
                <SequencePoint vc="1" uspid="15952" ordinal="0" offset="17" sl="102" sc="9" el="102" ec="9" bec="0" bev="0" fileid="40" />
                <SequencePoint vc="1" uspid="15953" ordinal="0" offset="18" sl="103" sc="13" el="103" ec="13" bec="0" bev="0" fileid="40" />
                <SequencePoint vc="1" uspid="15954" ordinal="0" offset="26" sl="104" sc="9" el="104" ec="9" bec="0" bev="0" fileid="40" />
                <SequencePoint vc="1" uspid="15955" ordinal="0" offset="29" sl="105" sc="14" el="105" ec="14" bec="0" bev="0" fileid="40" />
                <SequencePoint vc="1" uspid="15956" ordinal="0" offset="52" sl="106" sc="9" el="106" ec="9" bec="0" bev="0" fileid="40" />
                <SequencePoint vc="1" uspid="15957" ordinal="0" offset="53" sl="107" sc="13" el="107" ec="13" bec="0" bev="0" fileid="40" />
                <SequencePoint vc="1" uspid="15958" ordinal="0" offset="55" sl="108" sc="9" el="108" ec="9" bec="0" bev="0" fileid="40" />
                <SequencePoint vc="0" uspid="15959" ordinal="0" offset="58" sl="109" sc="14" el="109" ec="14" bec="0" bev="0" fileid="40" />
                <SequencePoint vc="0" uspid="15960" ordinal="0" offset="75" sl="110" sc="9" el="110" ec="9" bec="0" bev="0" fileid="40" />
                <SequencePoint vc="0" uspid="15961" ordinal="0" offset="76" sl="111" sc="13" el="111" ec="13" bec="0" bev="0" fileid="40" />
                <SequencePoint vc="0" uspid="15962" ordinal="0" offset="84" sl="112" sc="9" el="112" ec="9" bec="0" bev="0" fileid="40" />
                <SequencePoint vc="0" uspid="15963" ordinal="0" offset="87" sl="114" sc="9" el="114" ec="9" bec="0" bev="0" fileid="40" />
                <SequencePoint vc="0" uspid="15964" ordinal="0" offset="88" sl="115" sc="13" el="115" ec="13" bec="0" bev="0" fileid="40" />
                <SequencePoint vc="0" uspid="15965" ordinal="0" offset="96" sl="116" sc="9" el="116" ec="9" bec="0" bev="0" fileid="40" />
                <SequencePoint vc="2" uspid="15966" ordinal="0" offset="97" sl="117" sc="9" el="117" ec="9" bec="0" bev="0" fileid="40" />
                <SequencePoint vc="0" uspid="15967" ordinal="0" offset="115" sl="118" sc="9" el="118" ec="9" bec="0" bev="0" fileid="40" />
                <SequencePoint vc="0" uspid="15968" ordinal="0" offset="116" sl="119" sc="13" el="119" ec="13" bec="0" bev="0" fileid="40" />
                <SequencePoint vc="0" uspid="15969" ordinal="0" offset="143" sl="120" sc="9" el="120" ec="9" bec="0" bev="0" fileid="40" />
                <SequencePoint vc="2" uspid="15970" ordinal="0" offset="144" sl="121" sc="9" el="121" ec="9" bec="0" bev="0" fileid="40" />
                <SequencePoint vc="2" uspid="15971" ordinal="0" offset="163" sl="122" sc="9" el="122" ec="9" bec="0" bev="0" fileid="40" />
                <SequencePoint vc="2" uspid="15972" ordinal="0" offset="182" sl="123" sc="9" el="123" ec="9" bec="0" bev="0" fileid="40" />
                <SequencePoint vc="2" uspid="15973" ordinal="0" offset="201" sl="124" sc="9" el="124" ec="9" bec="0" bev="0" fileid="40" />
                <SequencePoint vc="2" uspid="15974" ordinal="0" offset="220" sl="125" sc="5" el="125" ec="5" bec="0" bev="0" fileid="40" />
              </SequencePoints>
              <BranchPoints />
            </Method>
            <Method visited="true" cyclomaticComplexity="0" nPathComplexity="0" sequenceCoverage="100.0" branchCoverage="0" crapScore="0" isConstructor="true" isStatic="false" isGetter="false" isSetter="false">
              <Summary numSequencePoints="1" visitedSequencePoints="1" numBranchPoints="0" visitedBranchPoints="0" sequenceCoverage="100.0" branchCoverage="0" maxCyclomaticComplexity="0" minCyclomaticComplexity="0" maxCrapScore="0" minCrapScore="0" visitedClasses="0" numClasses="0" visitedMethods="1" numMethods="1" />
              <MetadataToken>100664320</MetadataToken>
              <Name>RedEnemy::RedEnemy()</Name>
              <FileRef uid="40" />
              <SequencePoints>
                <SequencePoint vc="6" uspid="15989" ordinal="0" offset="0" sl="7" sc="5" el="7" ec="5" bec="0" bev="0" fileid="40" />
              </SequencePoints>
              <BranchPoints />
            </Method>
          </Methods>
        </Class>
        <Class>
          <Summary numSequencePoints="66" visitedSequencePoints="66" numBranchPoints="0" visitedBranchPoints="0" sequenceCoverage="100.0" branchCoverage="0.0" maxCyclomaticComplexity="0" minCyclomaticComplexity="0" maxCrapScore="0" minCrapScore="0" visitedClasses="1" numClasses="1" visitedMethods="13" numMethods="13" />
          <FullName>UpgradeManager</FullName>
          <Methods>
            <Method visited="true" cyclomaticComplexity="0" nPathComplexity="0" sequenceCoverage="100.0" branchCoverage="0" crapScore="0" isConstructor="false" isStatic="false" isGetter="false" isSetter="false">
              <Summary numSequencePoints="3" visitedSequencePoints="3" numBranchPoints="0" visitedBranchPoints="0" sequenceCoverage="100.0" branchCoverage="0" maxCyclomaticComplexity="0" minCyclomaticComplexity="0" maxCrapScore="0" minCrapScore="0" visitedClasses="0" numClasses="0" visitedMethods="1" numMethods="1" />
              <MetadataToken>100664386</MetadataToken>
              <Name>System.Void UpgradeManager::setSceneIndex(System.Int32)</Name>
              <FileRef uid="47" />
              <SequencePoints>
                <SequencePoint vc="1" uspid="16525" ordinal="0" offset="0" sl="45" sc="5" el="45" ec="5" bec="0" bev="0" fileid="47" />
                <SequencePoint vc="1" uspid="16526" ordinal="0" offset="1" sl="46" sc="9" el="46" ec="9" bec="0" bev="0" fileid="47" />
                <SequencePoint vc="1" uspid="16527" ordinal="0" offset="8" sl="47" sc="5" el="47" ec="5" bec="0" bev="0" fileid="47" />
              </SequencePoints>
              <BranchPoints />
            </Method>
            <Method visited="true" cyclomaticComplexity="0" nPathComplexity="0" sequenceCoverage="100.0" branchCoverage="0" crapScore="0" isConstructor="false" isStatic="false" isGetter="false" isSetter="false">
              <Summary numSequencePoints="3" visitedSequencePoints="3" numBranchPoints="0" visitedBranchPoints="0" sequenceCoverage="100.0" branchCoverage="0" maxCyclomaticComplexity="0" minCyclomaticComplexity="0" maxCrapScore="0" minCrapScore="0" visitedClasses="0" numClasses="0" visitedMethods="1" numMethods="1" />
              <MetadataToken>100664387</MetadataToken>
              <Name>System.Int32 UpgradeManager::getSceneIndex()</Name>
              <FileRef uid="47" />
              <SequencePoints>
                <SequencePoint vc="1" uspid="16528" ordinal="0" offset="0" sl="50" sc="5" el="50" ec="5" bec="0" bev="0" fileid="47" />
                <SequencePoint vc="1" uspid="16529" ordinal="0" offset="1" sl="51" sc="9" el="51" ec="9" bec="0" bev="0" fileid="47" />
                <SequencePoint vc="1" uspid="16530" ordinal="0" offset="10" sl="52" sc="5" el="52" ec="5" bec="0" bev="0" fileid="47" />
              </SequencePoints>
              <BranchPoints />
            </Method>
            <Method visited="true" cyclomaticComplexity="0" nPathComplexity="0" sequenceCoverage="100.0" branchCoverage="0" crapScore="0" isConstructor="false" isStatic="false" isGetter="false" isSetter="false">
              <Summary numSequencePoints="3" visitedSequencePoints="3" numBranchPoints="0" visitedBranchPoints="0" sequenceCoverage="100.0" branchCoverage="0" maxCyclomaticComplexity="0" minCyclomaticComplexity="0" maxCrapScore="0" minCrapScore="0" visitedClasses="0" numClasses="0" visitedMethods="1" numMethods="1" />
              <MetadataToken>100664388</MetadataToken>
              <Name>System.Void UpgradeManager::setStudent(ClearSky.StudentController)</Name>
              <FileRef uid="47" />
              <SequencePoints>
                <SequencePoint vc="10" uspid="16531" ordinal="0" offset="0" sl="55" sc="5" el="55" ec="5" bec="0" bev="0" fileid="47" />
                <SequencePoint vc="10" uspid="16532" ordinal="0" offset="1" sl="56" sc="9" el="56" ec="9" bec="0" bev="0" fileid="47" />
                <SequencePoint vc="10" uspid="16533" ordinal="0" offset="8" sl="57" sc="5" el="57" ec="5" bec="0" bev="0" fileid="47" />
              </SequencePoints>
              <BranchPoints />
            </Method>
            <Method visited="true" cyclomaticComplexity="0" nPathComplexity="0" sequenceCoverage="100.0" branchCoverage="0" crapScore="0" isConstructor="false" isStatic="false" isGetter="false" isSetter="false">
              <Summary numSequencePoints="6" visitedSequencePoints="6" numBranchPoints="0" visitedBranchPoints="0" sequenceCoverage="100.0" branchCoverage="0" maxCyclomaticComplexity="0" minCyclomaticComplexity="0" maxCrapScore="0" minCrapScore="0" visitedClasses="0" numClasses="0" visitedMethods="1" numMethods="1" />
              <MetadataToken>100664392</MetadataToken>
              <Name>System.Void UpgradeManager::upgradeMaxHP()</Name>
              <FileRef uid="47" />
              <SequencePoints>
                <SequencePoint vc="1" uspid="16605" ordinal="0" offset="0" sl="151" sc="5" el="151" ec="5" bec="0" bev="0" fileid="47" />
                <SequencePoint vc="1" uspid="16606" ordinal="0" offset="1" sl="152" sc="9" el="152" ec="9" bec="0" bev="0" fileid="47" />
                <SequencePoint vc="1" uspid="16607" ordinal="0" offset="15" sl="153" sc="9" el="153" ec="9" bec="0" bev="0" fileid="47" />
                <SequencePoint vc="1" uspid="16608" ordinal="0" offset="40" sl="154" sc="9" el="154" ec="9" bec="0" bev="0" fileid="47" />
                <SequencePoint vc="1" uspid="16609" ordinal="0" offset="62" sl="155" sc="9" el="155" ec="9" bec="0" bev="0" fileid="47" />
                <SequencePoint vc="1" uspid="16610" ordinal="0" offset="83" sl="156" sc="5" el="156" ec="5" bec="0" bev="0" fileid="47" />
              </SequencePoints>
              <BranchPoints />
            </Method>
            <Method visited="true" cyclomaticComplexity="0" nPathComplexity="0" sequenceCoverage="100.0" branchCoverage="0" crapScore="0" isConstructor="false" isStatic="false" isGetter="false" isSetter="false">
              <Summary numSequencePoints="6" visitedSequencePoints="6" numBranchPoints="0" visitedBranchPoints="0" sequenceCoverage="100.0" branchCoverage="0" maxCyclomaticComplexity="0" minCyclomaticComplexity="0" maxCrapScore="0" minCrapScore="0" visitedClasses="0" numClasses="0" visitedMethods="1" numMethods="1" />
              <MetadataToken>100664393</MetadataToken>
              <Name>System.Void UpgradeManager::downgradeMaxHP()</Name>
              <FileRef uid="47" />
              <SequencePoints>
                <SequencePoint vc="1" uspid="16611" ordinal="0" offset="0" sl="159" sc="5" el="159" ec="5" bec="0" bev="0" fileid="47" />
                <SequencePoint vc="1" uspid="16612" ordinal="0" offset="1" sl="160" sc="9" el="160" ec="9" bec="0" bev="0" fileid="47" />
                <SequencePoint vc="1" uspid="16613" ordinal="0" offset="15" sl="161" sc="9" el="161" ec="9" bec="0" bev="0" fileid="47" />
                <SequencePoint vc="1" uspid="16614" ordinal="0" offset="37" sl="162" sc="9" el="162" ec="9" bec="0" bev="0" fileid="47" />
                <SequencePoint vc="1" uspid="16615" ordinal="0" offset="62" sl="163" sc="9" el="163" ec="9" bec="0" bev="0" fileid="47" />
                <SequencePoint vc="1" uspid="16616" ordinal="0" offset="83" sl="164" sc="5" el="164" ec="5" bec="0" bev="0" fileid="47" />
              </SequencePoints>
              <BranchPoints />
            </Method>
            <Method visited="true" cyclomaticComplexity="0" nPathComplexity="0" sequenceCoverage="100.0" branchCoverage="0" crapScore="0" isConstructor="false" isStatic="false" isGetter="false" isSetter="false">
              <Summary numSequencePoints="6" visitedSequencePoints="6" numBranchPoints="0" visitedBranchPoints="0" sequenceCoverage="100.0" branchCoverage="0" maxCyclomaticComplexity="0" minCyclomaticComplexity="0" maxCrapScore="0" minCrapScore="0" visitedClasses="0" numClasses="0" visitedMethods="1" numMethods="1" />
              <MetadataToken>100664395</MetadataToken>
              <Name>System.Void UpgradeManager::upgradeSpeed()</Name>
              <FileRef uid="47" />
              <SequencePoints>
                <SequencePoint vc="1" uspid="16628" ordinal="0" offset="0" sl="181" sc="5" el="181" ec="5" bec="0" bev="0" fileid="47" />
                <SequencePoint vc="1" uspid="16629" ordinal="0" offset="1" sl="182" sc="9" el="182" ec="9" bec="0" bev="0" fileid="47" />
                <SequencePoint vc="1" uspid="16630" ordinal="0" offset="18" sl="183" sc="9" el="183" ec="9" bec="0" bev="0" fileid="47" />
                <SequencePoint vc="1" uspid="16631" ordinal="0" offset="43" sl="184" sc="9" el="184" ec="9" bec="0" bev="0" fileid="47" />
                <SequencePoint vc="1" uspid="16632" ordinal="0" offset="65" sl="185" sc="9" el="185" ec="9" bec="0" bev="0" fileid="47" />
                <SequencePoint vc="1" uspid="16633" ordinal="0" offset="86" sl="186" sc="5" el="186" ec="5" bec="0" bev="0" fileid="47" />
              </SequencePoints>
              <BranchPoints />
            </Method>
            <Method visited="true" cyclomaticComplexity="0" nPathComplexity="0" sequenceCoverage="100.0" branchCoverage="0" crapScore="0" isConstructor="false" isStatic="false" isGetter="false" isSetter="false">
              <Summary numSequencePoints="6" visitedSequencePoints="6" numBranchPoints="0" visitedBranchPoints="0" sequenceCoverage="100.0" branchCoverage="0" maxCyclomaticComplexity="0" minCyclomaticComplexity="0" maxCrapScore="0" minCrapScore="0" visitedClasses="0" numClasses="0" visitedMethods="1" numMethods="1" />
              <MetadataToken>100664396</MetadataToken>
              <Name>System.Void UpgradeManager::downgradeSpeed()</Name>
              <FileRef uid="47" />
              <SequencePoints>
                <SequencePoint vc="1" uspid="16634" ordinal="0" offset="0" sl="189" sc="5" el="189" ec="5" bec="0" bev="0" fileid="47" />
                <SequencePoint vc="1" uspid="16635" ordinal="0" offset="1" sl="190" sc="9" el="190" ec="9" bec="0" bev="0" fileid="47" />
                <SequencePoint vc="1" uspid="16636" ordinal="0" offset="18" sl="191" sc="9" el="191" ec="9" bec="0" bev="0" fileid="47" />
                <SequencePoint vc="1" uspid="16637" ordinal="0" offset="40" sl="192" sc="9" el="192" ec="9" bec="0" bev="0" fileid="47" />
                <SequencePoint vc="1" uspid="16638" ordinal="0" offset="65" sl="193" sc="9" el="193" ec="9" bec="0" bev="0" fileid="47" />
                <SequencePoint vc="1" uspid="16639" ordinal="0" offset="86" sl="194" sc="5" el="194" ec="5" bec="0" bev="0" fileid="47" />
              </SequencePoints>
              <BranchPoints />
            </Method>
            <Method visited="true" cyclomaticComplexity="0" nPathComplexity="0" sequenceCoverage="100.0" branchCoverage="0" crapScore="0" isConstructor="false" isStatic="false" isGetter="false" isSetter="false">
              <Summary numSequencePoints="6" visitedSequencePoints="6" numBranchPoints="0" visitedBranchPoints="0" sequenceCoverage="100.0" branchCoverage="0" maxCyclomaticComplexity="0" minCyclomaticComplexity="0" maxCrapScore="0" minCrapScore="0" visitedClasses="0" numClasses="0" visitedMethods="1" numMethods="1" />
              <MetadataToken>100664398</MetadataToken>
              <Name>System.Void UpgradeManager::upgradePower()</Name>
              <FileRef uid="47" />
              <SequencePoints>
                <SequencePoint vc="1" uspid="16651" ordinal="0" offset="0" sl="211" sc="5" el="211" ec="5" bec="0" bev="0" fileid="47" />
                <SequencePoint vc="1" uspid="16652" ordinal="0" offset="1" sl="212" sc="9" el="212" ec="9" bec="0" bev="0" fileid="47" />
                <SequencePoint vc="1" uspid="16653" ordinal="0" offset="14" sl="213" sc="9" el="213" ec="9" bec="0" bev="0" fileid="47" />
                <SequencePoint vc="1" uspid="16654" ordinal="0" offset="39" sl="214" sc="9" el="214" ec="9" bec="0" bev="0" fileid="47" />
                <SequencePoint vc="1" uspid="16655" ordinal="0" offset="61" sl="215" sc="9" el="215" ec="9" bec="0" bev="0" fileid="47" />
                <SequencePoint vc="1" uspid="16656" ordinal="0" offset="82" sl="216" sc="5" el="216" ec="5" bec="0" bev="0" fileid="47" />
              </SequencePoints>
              <BranchPoints />
            </Method>
            <Method visited="true" cyclomaticComplexity="0" nPathComplexity="0" sequenceCoverage="100.0" branchCoverage="0" crapScore="0" isConstructor="false" isStatic="false" isGetter="false" isSetter="false">
              <Summary numSequencePoints="6" visitedSequencePoints="6" numBranchPoints="0" visitedBranchPoints="0" sequenceCoverage="100.0" branchCoverage="0" maxCyclomaticComplexity="0" minCyclomaticComplexity="0" maxCrapScore="0" minCrapScore="0" visitedClasses="0" numClasses="0" visitedMethods="1" numMethods="1" />
              <MetadataToken>100664399</MetadataToken>
              <Name>System.Void UpgradeManager::downgradePower()</Name>
              <FileRef uid="47" />
              <SequencePoints>
                <SequencePoint vc="1" uspid="16657" ordinal="0" offset="0" sl="219" sc="5" el="219" ec="5" bec="0" bev="0" fileid="47" />
                <SequencePoint vc="1" uspid="16658" ordinal="0" offset="1" sl="220" sc="9" el="220" ec="9" bec="0" bev="0" fileid="47" />
                <SequencePoint vc="1" uspid="16659" ordinal="0" offset="15" sl="221" sc="9" el="221" ec="9" bec="0" bev="0" fileid="47" />
                <SequencePoint vc="1" uspid="16660" ordinal="0" offset="37" sl="222" sc="9" el="222" ec="9" bec="0" bev="0" fileid="47" />
                <SequencePoint vc="1" uspid="16661" ordinal="0" offset="62" sl="223" sc="9" el="223" ec="9" bec="0" bev="0" fileid="47" />
                <SequencePoint vc="1" uspid="16662" ordinal="0" offset="83" sl="224" sc="5" el="224" ec="5" bec="0" bev="0" fileid="47" />
              </SequencePoints>
              <BranchPoints />
            </Method>
            <Method visited="true" cyclomaticComplexity="0" nPathComplexity="0" sequenceCoverage="100.0" branchCoverage="0" crapScore="0" isConstructor="false" isStatic="false" isGetter="false" isSetter="false">
              <Summary numSequencePoints="6" visitedSequencePoints="6" numBranchPoints="0" visitedBranchPoints="0" sequenceCoverage="100.0" branchCoverage="0" maxCyclomaticComplexity="0" minCyclomaticComplexity="0" maxCrapScore="0" minCrapScore="0" visitedClasses="0" numClasses="0" visitedMethods="1" numMethods="1" />
              <MetadataToken>100664401</MetadataToken>
              <Name>System.Void UpgradeManager::upgradeFireRate()</Name>
              <FileRef uid="47" />
              <SequencePoints>
                <SequencePoint vc="1" uspid="16679" ordinal="0" offset="0" sl="246" sc="5" el="246" ec="5" bec="0" bev="0" fileid="47" />
                <SequencePoint vc="1" uspid="16680" ordinal="0" offset="1" sl="247" sc="9" el="247" ec="9" bec="0" bev="0" fileid="47" />
                <SequencePoint vc="1" uspid="16681" ordinal="0" offset="22" sl="248" sc="9" el="248" ec="9" bec="0" bev="0" fileid="47" />
                <SequencePoint vc="1" uspid="16682" ordinal="0" offset="47" sl="249" sc="9" el="249" ec="9" bec="0" bev="0" fileid="47" />
                <SequencePoint vc="1" uspid="16683" ordinal="0" offset="69" sl="250" sc="9" el="250" ec="9" bec="0" bev="0" fileid="47" />
                <SequencePoint vc="1" uspid="16684" ordinal="0" offset="90" sl="251" sc="5" el="251" ec="5" bec="0" bev="0" fileid="47" />
              </SequencePoints>
              <BranchPoints />
            </Method>
            <Method visited="true" cyclomaticComplexity="0" nPathComplexity="0" sequenceCoverage="100.0" branchCoverage="0" crapScore="0" isConstructor="false" isStatic="false" isGetter="false" isSetter="false">
              <Summary numSequencePoints="6" visitedSequencePoints="6" numBranchPoints="0" visitedBranchPoints="0" sequenceCoverage="100.0" branchCoverage="0" maxCyclomaticComplexity="0" minCyclomaticComplexity="0" maxCrapScore="0" minCrapScore="0" visitedClasses="0" numClasses="0" visitedMethods="1" numMethods="1" />
              <MetadataToken>100664402</MetadataToken>
              <Name>System.Void UpgradeManager::downgradeFireRate()</Name>
              <FileRef uid="47" />
              <SequencePoints>
                <SequencePoint vc="1" uspid="16685" ordinal="0" offset="0" sl="254" sc="5" el="254" ec="5" bec="0" bev="0" fileid="47" />
                <SequencePoint vc="1" uspid="16686" ordinal="0" offset="1" sl="255" sc="9" el="255" ec="9" bec="0" bev="0" fileid="47" />
                <SequencePoint vc="1" uspid="16687" ordinal="0" offset="22" sl="256" sc="9" el="256" ec="9" bec="0" bev="0" fileid="47" />
                <SequencePoint vc="1" uspid="16688" ordinal="0" offset="44" sl="257" sc="9" el="257" ec="9" bec="0" bev="0" fileid="47" />
                <SequencePoint vc="1" uspid="16689" ordinal="0" offset="69" sl="258" sc="9" el="258" ec="9" bec="0" bev="0" fileid="47" />
                <SequencePoint vc="1" uspid="16690" ordinal="0" offset="90" sl="259" sc="5" el="259" ec="5" bec="0" bev="0" fileid="47" />
              </SequencePoints>
              <BranchPoints />
            </Method>
            <Method visited="true" cyclomaticComplexity="0" nPathComplexity="0" sequenceCoverage="100.0" branchCoverage="0" crapScore="0" isConstructor="false" isStatic="false" isGetter="false" isSetter="false">
              <Summary numSequencePoints="7" visitedSequencePoints="7" numBranchPoints="0" visitedBranchPoints="0" sequenceCoverage="100.0" branchCoverage="0" maxCyclomaticComplexity="0" minCyclomaticComplexity="0" maxCrapScore="0" minCrapScore="0" visitedClasses="0" numClasses="0" visitedMethods="1" numMethods="1" />
              <MetadataToken>100664404</MetadataToken>
              <Name>System.Void UpgradeManager::resetHealth()</Name>
              <FileRef uid="47" />
              <SequencePoints>
                <SequencePoint vc="1" uspid="16705" ordinal="0" offset="0" sl="279" sc="5" el="279" ec="5" bec="0" bev="0" fileid="47" />
                <SequencePoint vc="1" uspid="16706" ordinal="0" offset="1" sl="280" sc="9" el="280" ec="9" bec="0" bev="0" fileid="47" />
                <SequencePoint vc="1" uspid="16707" ordinal="0" offset="34" sl="281" sc="9" el="281" ec="9" bec="0" bev="0" fileid="47" />
                <SequencePoint vc="1" uspid="16708" ordinal="0" offset="35" sl="282" sc="13" el="282" ec="13" bec="0" bev="0" fileid="47" />
                <SequencePoint vc="1" uspid="16709" ordinal="0" offset="60" sl="283" sc="13" el="283" ec="13" bec="0" bev="0" fileid="47" />
                <SequencePoint vc="1" uspid="16710" ordinal="0" offset="72" sl="284" sc="9" el="284" ec="9" bec="0" bev="0" fileid="47" />
                <SequencePoint vc="1" uspid="16711" ordinal="0" offset="73" sl="285" sc="5" el="285" ec="5" bec="0" bev="0" fileid="47" />
              </SequencePoints>
              <BranchPoints />
            </Method>
            <Method visited="true" cyclomaticComplexity="0" nPathComplexity="0" sequenceCoverage="100.0" branchCoverage="0" crapScore="0" isConstructor="true" isStatic="false" isGetter="false" isSetter="false">
              <Summary numSequencePoints="2" visitedSequencePoints="2" numBranchPoints="0" visitedBranchPoints="0" sequenceCoverage="100.0" branchCoverage="0" maxCyclomaticComplexity="0" minCyclomaticComplexity="0" maxCrapScore="0" minCrapScore="0" visitedClasses="0" numClasses="0" visitedMethods="1" numMethods="1" />
              <MetadataToken>100664405</MetadataToken>
              <Name>UpgradeManager::UpgradeManager()</Name>
              <FileRef uid="47" />
              <SequencePoints>
                <SequencePoint vc="10" uspid="16712" ordinal="0" offset="0" sl="23" sc="22" el="23" ec="22" bec="0" bev="0" fileid="47" />
                <SequencePoint vc="10" uspid="16713" ordinal="0" offset="13" sl="25" sc="5" el="25" ec="5" bec="0" bev="0" fileid="47" />
              </SequencePoints>
              <BranchPoints />
            </Method>
          </Methods>
        </Class>
        <Class>
          <Summary numSequencePoints="2" visitedSequencePoints="2" numBranchPoints="0" visitedBranchPoints="0" sequenceCoverage="100.0" branchCoverage="0.0" maxCyclomaticComplexity="0" minCyclomaticComplexity="0" maxCrapScore="0" minCrapScore="0" visitedClasses="1" numClasses="1" visitedMethods="1" numMethods="1" />
          <FullName>UpgradeStats</FullName>
          <Methods>
            <Method visited="true" cyclomaticComplexity="0" nPathComplexity="0" sequenceCoverage="100.0" branchCoverage="0" crapScore="0" isConstructor="true" isStatic="false" isGetter="false" isSetter="false">
              <Summary numSequencePoints="2" visitedSequencePoints="2" numBranchPoints="0" visitedBranchPoints="0" sequenceCoverage="100.0" branchCoverage="0" maxCyclomaticComplexity="0" minCyclomaticComplexity="0" maxCrapScore="0" minCrapScore="0" visitedClasses="0" numClasses="0" visitedMethods="1" numMethods="1" />
              <MetadataToken>100664406</MetadataToken>
              <Name>UpgradeStats::UpgradeStats()</Name>
              <FileRef uid="47" />
              <SequencePoints>
                <SequencePoint vc="50" uspid="16714" ordinal="0" offset="0" sl="290" sc="5" el="290" ec="5" bec="0" bev="0" fileid="47" />
                <SequencePoint vc="50" uspid="16715" ordinal="0" offset="7" sl="291" sc="5" el="291" ec="5" bec="0" bev="0" fileid="47" />
              </SequencePoints>
              <BranchPoints />
            </Method>
          </Methods>
        </Class>
        <Class>
          <Summary numSequencePoints="1" visitedSequencePoints="1" numBranchPoints="0" visitedBranchPoints="0" sequenceCoverage="100.0" branchCoverage="0.0" maxCyclomaticComplexity="0" minCyclomaticComplexity="0" maxCrapScore="0" minCrapScore="0" visitedClasses="1" numClasses="1" visitedMethods="1" numMethods="1" />
          <FullName>Leaderboard</FullName>
          <Methods>
            <Method visited="true" cyclomaticComplexity="0" nPathComplexity="0" sequenceCoverage="100.0" branchCoverage="0" crapScore="0" isConstructor="true" isStatic="false" isGetter="false" isSetter="false">
              <Summary numSequencePoints="1" visitedSequencePoints="1" numBranchPoints="0" visitedBranchPoints="0" sequenceCoverage="100.0" branchCoverage="0" maxCyclomaticComplexity="0" minCyclomaticComplexity="0" maxCrapScore="0" minCrapScore="0" visitedClasses="0" numClasses="0" visitedMethods="1" numMethods="1" />
              <MetadataToken>100664410</MetadataToken>
              <Name>Leaderboard::Leaderboard()</Name>
              <FileRef uid="48" />
              <SequencePoints>
                <SequencePoint vc="1" uspid="16746" ordinal="0" offset="0" sl="16" sc="5" el="16" ec="5" bec="0" bev="0" fileid="48" />
              </SequencePoints>
              <BranchPoints />
            </Method>
          </Methods>
        </Class>
        <Class>
          <Summary numSequencePoints="4" visitedSequencePoints="4" numBranchPoints="0" visitedBranchPoints="0" sequenceCoverage="100.0" branchCoverage="0.0" maxCyclomaticComplexity="0" minCyclomaticComplexity="0" maxCrapScore="0" minCrapScore="0" visitedClasses="1" numClasses="1" visitedMethods="1" numMethods="1" />
          <FullName>MenuManager</FullName>
          <Methods>
            <Method visited="true" cyclomaticComplexity="0" nPathComplexity="0" sequenceCoverage="100.0" branchCoverage="0" crapScore="0" isConstructor="true" isStatic="false" isGetter="false" isSetter="false">
              <Summary numSequencePoints="4" visitedSequencePoints="4" numBranchPoints="0" visitedBranchPoints="0" sequenceCoverage="100.0" branchCoverage="0" maxCyclomaticComplexity="0" minCyclomaticComplexity="0" maxCrapScore="0" minCrapScore="0" visitedClasses="0" numClasses="0" visitedMethods="1" numMethods="1" />
              <MetadataToken>100664417</MetadataToken>
              <Name>MenuManager::MenuManager()</Name>
              <FileRef uid="49" />
              <SequencePoints>
                <SequencePoint vc="1" uspid="16762" ordinal="0" offset="0" sl="6" sc="5" el="6" ec="5" bec="0" bev="0" fileid="49" />
                <SequencePoint vc="1" uspid="16763" ordinal="0" offset="7" sl="7" sc="5" el="7" ec="5" bec="0" bev="0" fileid="49" />
                <SequencePoint vc="1" uspid="16764" ordinal="0" offset="14" sl="8" sc="5" el="8" ec="5" bec="0" bev="0" fileid="49" />
                <SequencePoint vc="1" uspid="16765" ordinal="0" offset="21" sl="9" sc="5" el="9" ec="5" bec="0" bev="0" fileid="49" />
              </SequencePoints>
              <BranchPoints />
            </Method>
          </Methods>
        </Class>
        <Class>
          <Summary numSequencePoints="2" visitedSequencePoints="2" numBranchPoints="0" visitedBranchPoints="0" sequenceCoverage="100.0" branchCoverage="0.0" maxCyclomaticComplexity="0" minCyclomaticComplexity="0" maxCrapScore="0" minCrapScore="0" visitedClasses="1" numClasses="1" visitedMethods="1" numMethods="1" />
          <FullName>PlayerData</FullName>
          <Methods>
            <Method visited="true" cyclomaticComplexity="0" nPathComplexity="0" sequenceCoverage="100.0" branchCoverage="0" crapScore="0" isConstructor="true" isStatic="false" isGetter="false" isSetter="false">
              <Summary numSequencePoints="2" visitedSequencePoints="2" numBranchPoints="0" visitedBranchPoints="0" sequenceCoverage="100.0" branchCoverage="0" maxCyclomaticComplexity="0" minCyclomaticComplexity="0" maxCrapScore="0" minCrapScore="0" visitedClasses="0" numClasses="0" visitedMethods="1" numMethods="1" />
              <MetadataToken>100664460</MetadataToken>
              <Name>PlayerData::PlayerData()</Name>
              <FileRef uid="59" />
              <SequencePoints>
                <SequencePoint vc="1" uspid="16982" ordinal="0" offset="0" sl="20" sc="5" el="20" ec="5" bec="0" bev="0" fileid="59" />
                <SequencePoint vc="1" uspid="16983" ordinal="0" offset="11" sl="21" sc="5" el="21" ec="5" bec="0" bev="0" fileid="59" />
              </SequencePoints>
              <BranchPoints />
            </Method>
          </Methods>
        </Class>
        <Class>
          <Summary numSequencePoints="109" visitedSequencePoints="93" numBranchPoints="0" visitedBranchPoints="0" sequenceCoverage="85.32" branchCoverage="0.0" maxCyclomaticComplexity="0" minCyclomaticComplexity="0" maxCrapScore="0" minCrapScore="0" visitedClasses="1" numClasses="1" visitedMethods="21" numMethods="21" />
          <FullName>ClearSky.StudentController</FullName>
          <Methods>
            <Method visited="true" cyclomaticComplexity="0" nPathComplexity="0" sequenceCoverage="100.0" branchCoverage="0" crapScore="0" isConstructor="false" isStatic="false" isGetter="false" isSetter="false">
              <Summary numSequencePoints="3" visitedSequencePoints="3" numBranchPoints="0" visitedBranchPoints="0" sequenceCoverage="100.0" branchCoverage="0" maxCyclomaticComplexity="0" minCyclomaticComplexity="0" maxCrapScore="0" minCrapScore="0" visitedClasses="0" numClasses="0" visitedMethods="1" numMethods="1" />
              <MetadataToken>100664470</MetadataToken>
              <Name>System.Void ClearSky.StudentController::setSceneIndex(System.Int32)</Name>
              <FileRef uid="62" />
              <SequencePoints>
                <SequencePoint vc="2" uspid="17054" ordinal="0" offset="0" sl="88" sc="9" el="88" ec="9" bec="0" bev="0" fileid="62" />
                <SequencePoint vc="2" uspid="17055" ordinal="0" offset="1" sl="89" sc="13" el="89" ec="13" bec="0" bev="0" fileid="62" />
                <SequencePoint vc="2" uspid="17056" ordinal="0" offset="8" sl="90" sc="9" el="90" ec="9" bec="0" bev="0" fileid="62" />
              </SequencePoints>
              <BranchPoints />
            </Method>
            <Method visited="true" cyclomaticComplexity="0" nPathComplexity="0" sequenceCoverage="100.0" branchCoverage="0" crapScore="0" isConstructor="false" isStatic="false" isGetter="false" isSetter="false">
              <Summary numSequencePoints="3" visitedSequencePoints="3" numBranchPoints="0" visitedBranchPoints="0" sequenceCoverage="100.0" branchCoverage="0" maxCyclomaticComplexity="0" minCyclomaticComplexity="0" maxCrapScore="0" minCrapScore="0" visitedClasses="0" numClasses="0" visitedMethods="1" numMethods="1" />
              <MetadataToken>100664471</MetadataToken>
              <Name>System.Int32 ClearSky.StudentController::getSceneIndex()</Name>
              <FileRef uid="62" />
              <SequencePoints>
                <SequencePoint vc="2" uspid="17057" ordinal="0" offset="0" sl="93" sc="9" el="93" ec="9" bec="0" bev="0" fileid="62" />
                <SequencePoint vc="2" uspid="17058" ordinal="0" offset="1" sl="94" sc="13" el="94" ec="13" bec="0" bev="0" fileid="62" />
                <SequencePoint vc="2" uspid="17059" ordinal="0" offset="10" sl="95" sc="9" el="95" ec="9" bec="0" bev="0" fileid="62" />
              </SequencePoints>
              <BranchPoints />
            </Method>
            <Method visited="true" cyclomaticComplexity="0" nPathComplexity="0" sequenceCoverage="100.0" branchCoverage="0" crapScore="0" isConstructor="false" isStatic="false" isGetter="false" isSetter="false">
              <Summary numSequencePoints="12" visitedSequencePoints="12" numBranchPoints="0" visitedBranchPoints="0" sequenceCoverage="100.0" branchCoverage="0" maxCyclomaticComplexity="0" minCyclomaticComplexity="0" maxCrapScore="0" minCrapScore="0" visitedClasses="0" numClasses="0" visitedMethods="1" numMethods="1" />
              <MetadataToken>100664478</MetadataToken>
              <Name>System.Void ClearSky.StudentController::takeDamage(System.Int32)</Name>
              <FileRef uid="62" />
              <SequencePoints>
                <SequencePoint vc="7" uspid="17135" ordinal="0" offset="0" sl="197" sc="9" el="197" ec="9" bec="0" bev="0" fileid="62" />
                <SequencePoint vc="7" uspid="17136" ordinal="0" offset="1" sl="198" sc="13" el="198" ec="13" bec="0" bev="0" fileid="62" />
                <SequencePoint vc="7" uspid="17137" ordinal="0" offset="11" sl="199" sc="13" el="199" ec="13" bec="0" bev="0" fileid="62" />
                <SequencePoint vc="7" uspid="17138" ordinal="0" offset="12" sl="200" sc="17" el="200" ec="17" bec="0" bev="0" fileid="62" />
                <SequencePoint vc="7" uspid="17139" ordinal="0" offset="19" sl="201" sc="17" el="201" ec="17" bec="0" bev="0" fileid="62" />
                <SequencePoint vc="7" uspid="17140" ordinal="0" offset="26" sl="202" sc="17" el="202" ec="17" bec="0" bev="0" fileid="62" />
                <SequencePoint vc="7" uspid="17141" ordinal="0" offset="40" sl="203" sc="17" el="203" ec="17" bec="0" bev="0" fileid="62" />
                <SequencePoint vc="2" uspid="17142" ordinal="0" offset="56" sl="204" sc="17" el="204" ec="17" bec="0" bev="0" fileid="62" />
                <SequencePoint vc="2" uspid="17143" ordinal="0" offset="57" sl="205" sc="21" el="205" ec="21" bec="0" bev="0" fileid="62" />
                <SequencePoint vc="2" uspid="17144" ordinal="0" offset="64" sl="206" sc="17" el="206" ec="17" bec="0" bev="0" fileid="62" />
                <SequencePoint vc="7" uspid="17145" ordinal="0" offset="65" sl="207" sc="13" el="207" ec="13" bec="0" bev="0" fileid="62" />
                <SequencePoint vc="7" uspid="17146" ordinal="0" offset="66" sl="208" sc="9" el="208" ec="9" bec="0" bev="0" fileid="62" />
              </SequencePoints>
              <BranchPoints />
            </Method>
            <Method visited="true" cyclomaticComplexity="0" nPathComplexity="0" sequenceCoverage="33.33" branchCoverage="0" crapScore="0" isConstructor="false" isStatic="false" isGetter="false" isSetter="false">
              <Summary numSequencePoints="9" visitedSequencePoints="3" numBranchPoints="0" visitedBranchPoints="0" sequenceCoverage="33.33" branchCoverage="0" maxCyclomaticComplexity="0" minCyclomaticComplexity="0" maxCrapScore="0" minCrapScore="0" visitedClasses="0" numClasses="0" visitedMethods="1" numMethods="1" />
              <MetadataToken>100664479</MetadataToken>
              <Name>System.Void ClearSky.StudentController::hurt()</Name>
              <FileRef uid="62" />
              <SequencePoints>
                <SequencePoint vc="7" uspid="17147" ordinal="0" offset="0" sl="210" sc="9" el="210" ec="9" bec="0" bev="0" fileid="62" />
                <SequencePoint vc="7" uspid="17148" ordinal="0" offset="1" sl="211" sc="13" el="211" ec="13" bec="0" bev="0" fileid="62" />
                <SequencePoint vc="0" uspid="17149" ordinal="0" offset="34" sl="212" sc="13" el="212" ec="13" bec="0" bev="0" fileid="62" />
                <SequencePoint vc="0" uspid="17150" ordinal="0" offset="35" sl="213" sc="17" el="213" ec="17" bec="0" bev="0" fileid="62" />
                <SequencePoint vc="0" uspid="17151" ordinal="0" offset="52" sl="214" sc="17" el="214" ec="17" bec="0" bev="0" fileid="62" />
                <SequencePoint vc="0" uspid="17152" ordinal="0" offset="65" sl="215" sc="21" el="215" ec="21" bec="0" bev="0" fileid="62" />
                <SequencePoint vc="0" uspid="17153" ordinal="0" offset="95" sl="217" sc="21" el="217" ec="21" bec="0" bev="0" fileid="62" />
                <SequencePoint vc="0" uspid="17154" ordinal="0" offset="123" sl="218" sc="13" el="218" ec="13" bec="0" bev="0" fileid="62" />
                <SequencePoint vc="7" uspid="17155" ordinal="0" offset="124" sl="219" sc="9" el="219" ec="9" bec="0" bev="0" fileid="62" />
              </SequencePoints>
              <BranchPoints />
            </Method>
            <Method visited="true" cyclomaticComplexity="0" nPathComplexity="0" sequenceCoverage="57.14" branchCoverage="0" crapScore="0" isConstructor="false" isStatic="false" isGetter="false" isSetter="false">
              <Summary numSequencePoints="7" visitedSequencePoints="4" numBranchPoints="0" visitedBranchPoints="0" sequenceCoverage="57.14" branchCoverage="0" maxCyclomaticComplexity="0" minCyclomaticComplexity="0" maxCrapScore="0" minCrapScore="0" visitedClasses="0" numClasses="0" visitedMethods="1" numMethods="1" />
              <MetadataToken>100664480</MetadataToken>
              <Name>System.Void ClearSky.StudentController::die()</Name>
              <FileRef uid="62" />
              <SequencePoints>
                <SequencePoint vc="2" uspid="17156" ordinal="0" offset="0" sl="222" sc="9" el="222" ec="9" bec="0" bev="0" fileid="62" />
                <SequencePoint vc="2" uspid="17157" ordinal="0" offset="1" sl="223" sc="13" el="223" ec="13" bec="0" bev="0" fileid="62" />
                <SequencePoint vc="0" uspid="17158" ordinal="0" offset="17" sl="224" sc="13" el="224" ec="13" bec="0" bev="0" fileid="62" />
                <SequencePoint vc="0" uspid="17159" ordinal="0" offset="18" sl="225" sc="17" el="225" ec="17" bec="0" bev="0" fileid="62" />
                <SequencePoint vc="0" uspid="17160" ordinal="0" offset="35" sl="226" sc="13" el="226" ec="13" bec="0" bev="0" fileid="62" />
                <SequencePoint vc="2" uspid="17161" ordinal="0" offset="36" sl="227" sc="13" el="227" ec="13" bec="0" bev="0" fileid="62" />
                <SequencePoint vc="2" uspid="17162" ordinal="0" offset="43" sl="228" sc="9" el="228" ec="9" bec="0" bev="0" fileid="62" />
              </SequencePoints>
              <BranchPoints />
            </Method>
            <Method visited="true" cyclomaticComplexity="0" nPathComplexity="0" sequenceCoverage="100.0" branchCoverage="0" crapScore="0" isConstructor="false" isStatic="false" isGetter="false" isSetter="false">
              <Summary numSequencePoints="3" visitedSequencePoints="3" numBranchPoints="0" visitedBranchPoints="0" sequenceCoverage="100.0" branchCoverage="0" maxCyclomaticComplexity="0" minCyclomaticComplexity="0" maxCrapScore="0" minCrapScore="0" visitedClasses="0" numClasses="0" visitedMethods="1" numMethods="1" />
              <MetadataToken>100664484</MetadataToken>
              <Name>System.Int32 ClearSky.StudentController::getMaxHP()</Name>
              <FileRef uid="62" />
              <SequencePoints>
                <SequencePoint vc="4" uspid="17181" ordinal="0" offset="0" sl="256" sc="9" el="256" ec="9" bec="0" bev="0" fileid="62" />
                <SequencePoint vc="4" uspid="17182" ordinal="0" offset="1" sl="257" sc="13" el="257" ec="13" bec="0" bev="0" fileid="62" />
                <SequencePoint vc="4" uspid="17183" ordinal="0" offset="10" sl="258" sc="9" el="258" ec="9" bec="0" bev="0" fileid="62" />
              </SequencePoints>
              <BranchPoints />
            </Method>
            <Method visited="true" cyclomaticComplexity="0" nPathComplexity="0" sequenceCoverage="100.0" branchCoverage="0" crapScore="0" isConstructor="false" isStatic="false" isGetter="false" isSetter="false">
              <Summary numSequencePoints="3" visitedSequencePoints="3" numBranchPoints="0" visitedBranchPoints="0" sequenceCoverage="100.0" branchCoverage="0" maxCyclomaticComplexity="0" minCyclomaticComplexity="0" maxCrapScore="0" minCrapScore="0" visitedClasses="0" numClasses="0" visitedMethods="1" numMethods="1" />
              <MetadataToken>100664485</MetadataToken>
              <Name>System.Single ClearSky.StudentController::getSpeed()</Name>
              <FileRef uid="62" />
              <SequencePoints>
                <SequencePoint vc="4" uspid="17184" ordinal="0" offset="0" sl="261" sc="9" el="261" ec="9" bec="0" bev="0" fileid="62" />
                <SequencePoint vc="4" uspid="17185" ordinal="0" offset="1" sl="262" sc="13" el="262" ec="13" bec="0" bev="0" fileid="62" />
                <SequencePoint vc="4" uspid="17186" ordinal="0" offset="10" sl="263" sc="9" el="263" ec="9" bec="0" bev="0" fileid="62" />
              </SequencePoints>
              <BranchPoints />
            </Method>
            <Method visited="true" cyclomaticComplexity="0" nPathComplexity="0" sequenceCoverage="100.0" branchCoverage="0" crapScore="0" isConstructor="false" isStatic="false" isGetter="false" isSetter="false">
              <Summary numSequencePoints="3" visitedSequencePoints="3" numBranchPoints="0" visitedBranchPoints="0" sequenceCoverage="100.0" branchCoverage="0" maxCyclomaticComplexity="0" minCyclomaticComplexity="0" maxCrapScore="0" minCrapScore="0" visitedClasses="0" numClasses="0" visitedMethods="1" numMethods="1" />
              <MetadataToken>100664486</MetadataToken>
              <Name>System.Int32 ClearSky.StudentController::getPower()</Name>
              <FileRef uid="62" />
              <SequencePoints>
                <SequencePoint vc="4" uspid="17187" ordinal="0" offset="0" sl="266" sc="9" el="266" ec="9" bec="0" bev="0" fileid="62" />
                <SequencePoint vc="4" uspid="17188" ordinal="0" offset="1" sl="267" sc="13" el="267" ec="13" bec="0" bev="0" fileid="62" />
                <SequencePoint vc="4" uspid="17189" ordinal="0" offset="10" sl="268" sc="9" el="268" ec="9" bec="0" bev="0" fileid="62" />
              </SequencePoints>
              <BranchPoints />
            </Method>
            <Method visited="true" cyclomaticComplexity="0" nPathComplexity="0" sequenceCoverage="100.0" branchCoverage="0" crapScore="0" isConstructor="false" isStatic="false" isGetter="false" isSetter="false">
              <Summary numSequencePoints="3" visitedSequencePoints="3" numBranchPoints="0" visitedBranchPoints="0" sequenceCoverage="100.0" branchCoverage="0" maxCyclomaticComplexity="0" minCyclomaticComplexity="0" maxCrapScore="0" minCrapScore="0" visitedClasses="0" numClasses="0" visitedMethods="1" numMethods="1" />
              <MetadataToken>100664487</MetadataToken>
              <Name>System.Double ClearSky.StudentController::getFireRate()</Name>
              <FileRef uid="62" />
              <SequencePoints>
                <SequencePoint vc="4" uspid="17190" ordinal="0" offset="0" sl="271" sc="9" el="271" ec="9" bec="0" bev="0" fileid="62" />
                <SequencePoint vc="4" uspid="17191" ordinal="0" offset="1" sl="272" sc="13" el="272" ec="13" bec="0" bev="0" fileid="62" />
                <SequencePoint vc="4" uspid="17192" ordinal="0" offset="10" sl="273" sc="9" el="273" ec="9" bec="0" bev="0" fileid="62" />
              </SequencePoints>
              <BranchPoints />
            </Method>
            <Method visited="true" cyclomaticComplexity="0" nPathComplexity="0" sequenceCoverage="100.0" branchCoverage="0" crapScore="0" isConstructor="false" isStatic="false" isGetter="false" isSetter="false">
              <Summary numSequencePoints="3" visitedSequencePoints="3" numBranchPoints="0" visitedBranchPoints="0" sequenceCoverage="100.0" branchCoverage="0" maxCyclomaticComplexity="0" minCyclomaticComplexity="0" maxCrapScore="0" minCrapScore="0" visitedClasses="0" numClasses="0" visitedMethods="1" numMethods="1" />
              <MetadataToken>100664488</MetadataToken>
              <Name>System.Int32 ClearSky.StudentController::getMissingHP()</Name>
              <FileRef uid="62" />
              <SequencePoints>
                <SequencePoint vc="1" uspid="17193" ordinal="0" offset="0" sl="276" sc="9" el="276" ec="9" bec="0" bev="0" fileid="62" />
                <SequencePoint vc="1" uspid="17194" ordinal="0" offset="1" sl="277" sc="13" el="277" ec="13" bec="0" bev="0" fileid="62" />
                <SequencePoint vc="1" uspid="17195" ordinal="0" offset="17" sl="278" sc="9" el="278" ec="9" bec="0" bev="0" fileid="62" />
              </SequencePoints>
              <BranchPoints />
            </Method>
            <Method visited="true" cyclomaticComplexity="0" nPathComplexity="0" sequenceCoverage="100.0" branchCoverage="0" crapScore="0" isConstructor="false" isStatic="false" isGetter="false" isSetter="false">
              <Summary numSequencePoints="3" visitedSequencePoints="3" numBranchPoints="0" visitedBranchPoints="0" sequenceCoverage="100.0" branchCoverage="0" maxCyclomaticComplexity="0" minCyclomaticComplexity="0" maxCrapScore="0" minCrapScore="0" visitedClasses="0" numClasses="0" visitedMethods="1" numMethods="1" />
              <MetadataToken>100664489</MetadataToken>
              <Name>System.Int32 ClearSky.StudentController::getCurrentHP()</Name>
              <FileRef uid="62" />
              <SequencePoints>
[...]
                <SequencePoint vc="1" uspid="18275" ordinal="0" offset="1" sl="62" sc="9" el="62" ec="9" bec="0" bev="0" fileid="67" />
                <SequencePoint vc="1" uspid="18276" ordinal="0" offset="7" sl="63" sc="9" el="63" ec="9" bec="0" bev="0" fileid="67" />
                <SequencePoint vc="1" uspid="18277" ordinal="0" offset="35" sl="64" sc="5" el="64" ec="5" bec="0" bev="0" fileid="67" />
              </SequencePoints>
              <BranchPoints />
            </Method>
            <Method visited="true" cyclomaticComplexity="0" nPathComplexity="0" sequenceCoverage="100.0" branchCoverage="0" crapScore="0" isConstructor="false" isStatic="false" isGetter="false" isSetter="false">
              <Summary numSequencePoints="4" visitedSequencePoints="4" numBranchPoints="0" visitedBranchPoints="0" sequenceCoverage="100.0" branchCoverage="0" maxCyclomaticComplexity="0" minCyclomaticComplexity="0" maxCrapScore="0" minCrapScore="0" visitedClasses="0" numClasses="0" visitedMethods="1" numMethods="1" />
              <MetadataToken>100663324</MetadataToken>
              <Name>System.Void UnitTests_studentController::GetPowerTest()</Name>
              <FileRef uid="67" />
              <SequencePoints>
                <SequencePoint vc="1" uspid="18278" ordinal="0" offset="0" sl="68" sc="5" el="68" ec="5" bec="0" bev="0" fileid="67" />
                <SequencePoint vc="1" uspid="18279" ordinal="0" offset="1" sl="69" sc="9" el="69" ec="9" bec="0" bev="0" fileid="67" />
                <SequencePoint vc="1" uspid="18280" ordinal="0" offset="3" sl="70" sc="9" el="70" ec="9" bec="0" bev="0" fileid="67" />
                <SequencePoint vc="1" uspid="18281" ordinal="0" offset="31" sl="71" sc="5" el="71" ec="5" bec="0" bev="0" fileid="67" />
              </SequencePoints>
              <BranchPoints />
            </Method>
            <Method visited="true" cyclomaticComplexity="0" nPathComplexity="0" sequenceCoverage="100.0" branchCoverage="0" crapScore="0" isConstructor="false" isStatic="false" isGetter="false" isSetter="false">
              <Summary numSequencePoints="4" visitedSequencePoints="4" numBranchPoints="0" visitedBranchPoints="0" sequenceCoverage="100.0" branchCoverage="0" maxCyclomaticComplexity="0" minCyclomaticComplexity="0" maxCrapScore="0" minCrapScore="0" visitedClasses="0" numClasses="0" visitedMethods="1" numMethods="1" />
              <MetadataToken>100663325</MetadataToken>
              <Name>System.Void UnitTests_studentController::GetFireRateTest()</Name>
              <FileRef uid="67" />
              <SequencePoints>
                <SequencePoint vc="1" uspid="18282" ordinal="0" offset="0" sl="75" sc="5" el="75" ec="5" bec="0" bev="0" fileid="67" />
                <SequencePoint vc="1" uspid="18283" ordinal="0" offset="1" sl="76" sc="9" el="76" ec="9" bec="0" bev="0" fileid="67" />
                <SequencePoint vc="1" uspid="18284" ordinal="0" offset="11" sl="77" sc="9" el="77" ec="9" bec="0" bev="0" fileid="67" />
                <SequencePoint vc="1" uspid="18285" ordinal="0" offset="39" sl="78" sc="5" el="78" ec="5" bec="0" bev="0" fileid="67" />
              </SequencePoints>
              <BranchPoints />
            </Method>
            <Method visited="true" cyclomaticComplexity="0" nPathComplexity="0" sequenceCoverage="100.0" branchCoverage="0" crapScore="0" isConstructor="false" isStatic="false" isGetter="false" isSetter="false">
              <Summary numSequencePoints="5" visitedSequencePoints="5" numBranchPoints="0" visitedBranchPoints="0" sequenceCoverage="100.0" branchCoverage="0" maxCyclomaticComplexity="0" minCyclomaticComplexity="0" maxCrapScore="0" minCrapScore="0" visitedClasses="0" numClasses="0" visitedMethods="1" numMethods="1" />
              <MetadataToken>100663326</MetadataToken>
              <Name>System.Void UnitTests_studentController::GetMissingHPTest()</Name>
              <FileRef uid="67" />
              <SequencePoints>
                <SequencePoint vc="1" uspid="18286" ordinal="0" offset="0" sl="82" sc="5" el="82" ec="5" bec="0" bev="0" fileid="67" />
                <SequencePoint vc="1" uspid="18287" ordinal="0" offset="1" sl="83" sc="9" el="83" ec="9" bec="0" bev="0" fileid="67" />
                <SequencePoint vc="1" uspid="18288" ordinal="0" offset="15" sl="84" sc="9" el="84" ec="9" bec="0" bev="0" fileid="67" />
                <SequencePoint vc="1" uspid="18289" ordinal="0" offset="18" sl="85" sc="9" el="85" ec="9" bec="0" bev="0" fileid="67" />
                <SequencePoint vc="1" uspid="18290" ordinal="0" offset="46" sl="86" sc="5" el="86" ec="5" bec="0" bev="0" fileid="67" />
              </SequencePoints>
              <BranchPoints />
            </Method>
            <Method visited="true" cyclomaticComplexity="0" nPathComplexity="0" sequenceCoverage="100.0" branchCoverage="0" crapScore="0" isConstructor="false" isStatic="false" isGetter="false" isSetter="false">
              <Summary numSequencePoints="5" visitedSequencePoints="5" numBranchPoints="0" visitedBranchPoints="0" sequenceCoverage="100.0" branchCoverage="0" maxCyclomaticComplexity="0" minCyclomaticComplexity="0" maxCrapScore="0" minCrapScore="0" visitedClasses="0" numClasses="0" visitedMethods="1" numMethods="1" />
              <MetadataToken>100663327</MetadataToken>
              <Name>System.Void UnitTests_studentController::GetCurrentHPTest()</Name>
              <FileRef uid="67" />
              <SequencePoints>
                <SequencePoint vc="1" uspid="18291" ordinal="0" offset="0" sl="90" sc="5" el="90" ec="5" bec="0" bev="0" fileid="67" />
                <SequencePoint vc="1" uspid="18292" ordinal="0" offset="1" sl="91" sc="9" el="91" ec="9" bec="0" bev="0" fileid="67" />
                <SequencePoint vc="1" uspid="18293" ordinal="0" offset="15" sl="92" sc="9" el="92" ec="9" bec="0" bev="0" fileid="67" />
                <SequencePoint vc="1" uspid="18294" ordinal="0" offset="18" sl="93" sc="9" el="93" ec="9" bec="0" bev="0" fileid="67" />
                <SequencePoint vc="1" uspid="18295" ordinal="0" offset="46" sl="94" sc="5" el="94" ec="5" bec="0" bev="0" fileid="67" />
              </SequencePoints>
              <BranchPoints />
            </Method>
            <Method visited="true" cyclomaticComplexity="0" nPathComplexity="0" sequenceCoverage="100.0" branchCoverage="0" crapScore="0" isConstructor="false" isStatic="false" isGetter="false" isSetter="false">
              <Summary numSequencePoints="4" visitedSequencePoints="4" numBranchPoints="0" visitedBranchPoints="0" sequenceCoverage="100.0" branchCoverage="0" maxCyclomaticComplexity="0" minCyclomaticComplexity="0" maxCrapScore="0" minCrapScore="0" visitedClasses="0" numClasses="0" visitedMethods="1" numMethods="1" />
              <MetadataToken>100663328</MetadataToken>
              <Name>System.Void UnitTests_studentController::GetCoinsTest()</Name>
              <FileRef uid="67" />
              <SequencePoints>
                <SequencePoint vc="1" uspid="18296" ordinal="0" offset="0" sl="98" sc="5" el="98" ec="5" bec="0" bev="0" fileid="67" />
                <SequencePoint vc="1" uspid="18297" ordinal="0" offset="1" sl="99" sc="9" el="99" ec="9" bec="0" bev="0" fileid="67" />
                <SequencePoint vc="1" uspid="18298" ordinal="0" offset="15" sl="100" sc="9" el="100" ec="9" bec="0" bev="0" fileid="67" />
                <SequencePoint vc="1" uspid="18299" ordinal="0" offset="43" sl="101" sc="5" el="101" ec="5" bec="0" bev="0" fileid="67" />
              </SequencePoints>
              <BranchPoints />
            </Method>
            <Method visited="true" cyclomaticComplexity="0" nPathComplexity="0" sequenceCoverage="100.0" branchCoverage="0" crapScore="0" isConstructor="false" isStatic="false" isGetter="false" isSetter="false">
              <Summary numSequencePoints="5" visitedSequencePoints="5" numBranchPoints="0" visitedBranchPoints="0" sequenceCoverage="100.0" branchCoverage="0" maxCyclomaticComplexity="0" minCyclomaticComplexity="0" maxCrapScore="0" minCrapScore="0" visitedClasses="0" numClasses="0" visitedMethods="1" numMethods="1" />
              <MetadataToken>100663329</MetadataToken>
              <Name>System.Void UnitTests_studentController::AddCoinsTest()</Name>
              <FileRef uid="67" />
              <SequencePoints>
                <SequencePoint vc="1" uspid="18300" ordinal="0" offset="0" sl="105" sc="5" el="105" ec="5" bec="0" bev="0" fileid="67" />
                <SequencePoint vc="1" uspid="18301" ordinal="0" offset="1" sl="106" sc="9" el="106" ec="9" bec="0" bev="0" fileid="67" />
                <SequencePoint vc="1" uspid="18302" ordinal="0" offset="15" sl="107" sc="9" el="107" ec="9" bec="0" bev="0" fileid="67" />
                <SequencePoint vc="1" uspid="18303" ordinal="0" offset="18" sl="108" sc="9" el="108" ec="9" bec="0" bev="0" fileid="67" />
                <SequencePoint vc="1" uspid="18304" ordinal="0" offset="46" sl="109" sc="5" el="109" ec="5" bec="0" bev="0" fileid="67" />
              </SequencePoints>
              <BranchPoints />
            </Method>
            <Method visited="true" cyclomaticComplexity="0" nPathComplexity="0" sequenceCoverage="100.0" branchCoverage="0" crapScore="0" isConstructor="false" isStatic="false" isGetter="false" isSetter="false">
              <Summary numSequencePoints="6" visitedSequencePoints="6" numBranchPoints="0" visitedBranchPoints="0" sequenceCoverage="100.0" branchCoverage="0" maxCyclomaticComplexity="0" minCyclomaticComplexity="0" maxCrapScore="0" minCrapScore="0" visitedClasses="0" numClasses="0" visitedMethods="1" numMethods="1" />
              <MetadataToken>100663330</MetadataToken>
              <Name>System.Void UnitTests_studentController::PayCoinsTest()</Name>
              <FileRef uid="67" />
              <SequencePoints>
                <SequencePoint vc="1" uspid="18305" ordinal="0" offset="0" sl="113" sc="5" el="113" ec="5" bec="0" bev="0" fileid="67" />
                <SequencePoint vc="1" uspid="18306" ordinal="0" offset="1" sl="114" sc="9" el="114" ec="9" bec="0" bev="0" fileid="67" />
                <SequencePoint vc="1" uspid="18307" ordinal="0" offset="15" sl="115" sc="9" el="115" ec="9" bec="0" bev="0" fileid="67" />
                <SequencePoint vc="1" uspid="18308" ordinal="0" offset="29" sl="116" sc="9" el="116" ec="9" bec="0" bev="0" fileid="67" />
                <SequencePoint vc="1" uspid="18309" ordinal="0" offset="32" sl="117" sc="9" el="117" ec="9" bec="0" bev="0" fileid="67" />
                <SequencePoint vc="1" uspid="18310" ordinal="0" offset="60" sl="118" sc="5" el="118" ec="5" bec="0" bev="0" fileid="67" />
              </SequencePoints>
              <BranchPoints />
            </Method>
            <Method visited="true" cyclomaticComplexity="0" nPathComplexity="0" sequenceCoverage="100.0" branchCoverage="0" crapScore="0" isConstructor="false" isStatic="false" isGetter="false" isSetter="false">
              <Summary numSequencePoints="5" visitedSequencePoints="5" numBranchPoints="0" visitedBranchPoints="0" sequenceCoverage="100.0" branchCoverage="0" maxCyclomaticComplexity="0" minCyclomaticComplexity="0" maxCrapScore="0" minCrapScore="0" visitedClasses="0" numClasses="0" visitedMethods="1" numMethods="1" />
              <MetadataToken>100663331</MetadataToken>
              <Name>System.Void UnitTests_studentController::UpdateMaxHPTest()</Name>
              <FileRef uid="67" />
              <SequencePoints>
                <SequencePoint vc="1" uspid="18311" ordinal="0" offset="0" sl="122" sc="5" el="122" ec="5" bec="0" bev="0" fileid="67" />
                <SequencePoint vc="1" uspid="18312" ordinal="0" offset="1" sl="123" sc="9" el="123" ec="9" bec="0" bev="0" fileid="67" />
                <SequencePoint vc="1" uspid="18313" ordinal="0" offset="15" sl="124" sc="9" el="124" ec="9" bec="0" bev="0" fileid="67" />
                <SequencePoint vc="1" uspid="18314" ordinal="0" offset="18" sl="125" sc="9" el="125" ec="9" bec="0" bev="0" fileid="67" />
                <SequencePoint vc="1" uspid="18315" ordinal="0" offset="46" sl="126" sc="5" el="126" ec="5" bec="0" bev="0" fileid="67" />
              </SequencePoints>
              <BranchPoints />
            </Method>
            <Method visited="true" cyclomaticComplexity="0" nPathComplexity="0" sequenceCoverage="100.0" branchCoverage="0" crapScore="0" isConstructor="false" isStatic="false" isGetter="false" isSetter="false">
              <Summary numSequencePoints="5" visitedSequencePoints="5" numBranchPoints="0" visitedBranchPoints="0" sequenceCoverage="100.0" branchCoverage="0" maxCyclomaticComplexity="0" minCyclomaticComplexity="0" maxCrapScore="0" minCrapScore="0" visitedClasses="0" numClasses="0" visitedMethods="1" numMethods="1" />
              <MetadataToken>100663332</MetadataToken>
              <Name>System.Void UnitTests_studentController::UpdateSpeedTest()</Name>
              <FileRef uid="67" />
              <SequencePoints>
                <SequencePoint vc="1" uspid="18316" ordinal="0" offset="0" sl="130" sc="5" el="130" ec="5" bec="0" bev="0" fileid="67" />
                <SequencePoint vc="1" uspid="18317" ordinal="0" offset="1" sl="131" sc="9" el="131" ec="9" bec="0" bev="0" fileid="67" />
                <SequencePoint vc="1" uspid="18318" ordinal="0" offset="18" sl="132" sc="9" el="132" ec="9" bec="0" bev="0" fileid="67" />
                <SequencePoint vc="1" uspid="18319" ordinal="0" offset="24" sl="133" sc="9" el="133" ec="9" bec="0" bev="0" fileid="67" />
                <SequencePoint vc="1" uspid="18320" ordinal="0" offset="52" sl="134" sc="5" el="134" ec="5" bec="0" bev="0" fileid="67" />
              </SequencePoints>
              <BranchPoints />
            </Method>
            <Method visited="true" cyclomaticComplexity="0" nPathComplexity="0" sequenceCoverage="100.0" branchCoverage="0" crapScore="0" isConstructor="false" isStatic="false" isGetter="false" isSetter="false">
              <Summary numSequencePoints="5" visitedSequencePoints="5" numBranchPoints="0" visitedBranchPoints="0" sequenceCoverage="100.0" branchCoverage="0" maxCyclomaticComplexity="0" minCyclomaticComplexity="0" maxCrapScore="0" minCrapScore="0" visitedClasses="0" numClasses="0" visitedMethods="1" numMethods="1" />
              <MetadataToken>100663333</MetadataToken>
              <Name>System.Void UnitTests_studentController::UpdatePowerTest()</Name>
              <FileRef uid="67" />
              <SequencePoints>
                <SequencePoint vc="1" uspid="18321" ordinal="0" offset="0" sl="138" sc="5" el="138" ec="5" bec="0" bev="0" fileid="67" />
                <SequencePoint vc="1" uspid="18322" ordinal="0" offset="1" sl="139" sc="9" el="139" ec="9" bec="0" bev="0" fileid="67" />
                <SequencePoint vc="1" uspid="18323" ordinal="0" offset="15" sl="140" sc="9" el="140" ec="9" bec="0" bev="0" fileid="67" />
                <SequencePoint vc="1" uspid="18324" ordinal="0" offset="18" sl="141" sc="9" el="141" ec="9" bec="0" bev="0" fileid="67" />
                <SequencePoint vc="1" uspid="18325" ordinal="0" offset="46" sl="142" sc="5" el="142" ec="5" bec="0" bev="0" fileid="67" />
              </SequencePoints>
              <BranchPoints />
            </Method>
            <Method visited="true" cyclomaticComplexity="0" nPathComplexity="0" sequenceCoverage="100.0" branchCoverage="0" crapScore="0" isConstructor="false" isStatic="false" isGetter="false" isSetter="false">
              <Summary numSequencePoints="5" visitedSequencePoints="5" numBranchPoints="0" visitedBranchPoints="0" sequenceCoverage="100.0" branchCoverage="0" maxCyclomaticComplexity="0" minCyclomaticComplexity="0" maxCrapScore="0" minCrapScore="0" visitedClasses="0" numClasses="0" visitedMethods="1" numMethods="1" />
              <MetadataToken>100663334</MetadataToken>
              <Name>System.Void UnitTests_studentController::UpdateFireRateTest()</Name>
              <FileRef uid="67" />
              <SequencePoints>
                <SequencePoint vc="1" uspid="18326" ordinal="0" offset="0" sl="146" sc="5" el="146" ec="5" bec="0" bev="0" fileid="67" />
                <SequencePoint vc="1" uspid="18327" ordinal="0" offset="1" sl="147" sc="9" el="147" ec="9" bec="0" bev="0" fileid="67" />
                <SequencePoint vc="1" uspid="18328" ordinal="0" offset="22" sl="148" sc="9" el="148" ec="9" bec="0" bev="0" fileid="67" />
                <SequencePoint vc="1" uspid="18329" ordinal="0" offset="32" sl="149" sc="9" el="149" ec="9" bec="0" bev="0" fileid="67" />
                <SequencePoint vc="1" uspid="18330" ordinal="0" offset="60" sl="150" sc="5" el="150" ec="5" bec="0" bev="0" fileid="67" />
              </SequencePoints>
              <BranchPoints />
            </Method>
            <Method visited="true" cyclomaticComplexity="0" nPathComplexity="0" sequenceCoverage="100.0" branchCoverage="0" crapScore="0" isConstructor="false" isStatic="false" isGetter="false" isSetter="false">
              <Summary numSequencePoints="6" visitedSequencePoints="6" numBranchPoints="0" visitedBranchPoints="0" sequenceCoverage="100.0" branchCoverage="0" maxCyclomaticComplexity="0" minCyclomaticComplexity="0" maxCrapScore="0" minCrapScore="0" visitedClasses="0" numClasses="0" visitedMethods="1" numMethods="1" />
              <MetadataToken>100663335</MetadataToken>
              <Name>System.Void UnitTests_studentController::ResetHealthTest()</Name>
              <FileRef uid="67" />
              <SequencePoints>
                <SequencePoint vc="1" uspid="18331" ordinal="0" offset="0" sl="154" sc="5" el="154" ec="5" bec="0" bev="0" fileid="67" />
                <SequencePoint vc="1" uspid="18332" ordinal="0" offset="1" sl="155" sc="9" el="155" ec="9" bec="0" bev="0" fileid="67" />
                <SequencePoint vc="1" uspid="18333" ordinal="0" offset="15" sl="156" sc="9" el="156" ec="9" bec="0" bev="0" fileid="67" />
                <SequencePoint vc="1" uspid="18334" ordinal="0" offset="27" sl="157" sc="9" el="157" ec="9" bec="0" bev="0" fileid="67" />
                <SequencePoint vc="1" uspid="18335" ordinal="0" offset="30" sl="158" sc="9" el="158" ec="9" bec="0" bev="0" fileid="67" />
                <SequencePoint vc="1" uspid="18336" ordinal="0" offset="58" sl="159" sc="5" el="159" ec="5" bec="0" bev="0" fileid="67" />
              </SequencePoints>
              <BranchPoints />
            </Method>
            <Method visited="true" cyclomaticComplexity="0" nPathComplexity="0" sequenceCoverage="100.0" branchCoverage="0" crapScore="0" isConstructor="false" isStatic="false" isGetter="false" isSetter="false">
              <Summary numSequencePoints="4" visitedSequencePoints="4" numBranchPoints="0" visitedBranchPoints="0" sequenceCoverage="100.0" branchCoverage="0" maxCyclomaticComplexity="0" minCyclomaticComplexity="0" maxCrapScore="0" minCrapScore="0" visitedClasses="0" numClasses="0" visitedMethods="1" numMethods="1" />
              <MetadataToken>100663336</MetadataToken>
              <Name>System.Void UnitTests_studentController::IsAliveTest()</Name>
              <FileRef uid="67" />
              <SequencePoints>
                <SequencePoint vc="1" uspid="18337" ordinal="0" offset="0" sl="163" sc="5" el="163" ec="5" bec="0" bev="0" fileid="67" />
                <SequencePoint vc="1" uspid="18338" ordinal="0" offset="1" sl="164" sc="9" el="164" ec="9" bec="0" bev="0" fileid="67" />
                <SequencePoint vc="1" uspid="18339" ordinal="0" offset="15" sl="165" sc="9" el="165" ec="9" bec="0" bev="0" fileid="67" />
                <SequencePoint vc="1" uspid="18340" ordinal="0" offset="32" sl="166" sc="5" el="166" ec="5" bec="0" bev="0" fileid="67" />
              </SequencePoints>
              <BranchPoints />
            </Method>
          </Methods>
        </Class>
      </Classes>
    </Module>
  </Modules>
</CoverageSession>